[0.008s] Invoking command in '/home/pratik/ros2_ws/build/my_robot_description': CMAKE_PREFIX_PATH=/opt/ros/humble /usr/bin/cmake --build /home/pratik/ros2_ws/build/my_robot_description -- -j20 -l20
[0.083s] Invoked command in '/home/pratik/ros2_ws/build/my_robot_description' returned '0': CMAKE_PREFIX_PATH=/opt/ros/humble /usr/bin/cmake --build /home/pratik/ros2_ws/build/my_robot_description -- -j20 -l20
[0.093s] Invoking command in '/home/pratik/ros2_ws/build/my_robot_description': CMAKE_PREFIX_PATH=/opt/ros/humble /usr/bin/cmake --install /home/pratik/ros2_ws/build/my_robot_description
[0.100s] -- Install configuration: ""
[0.101s] -- Up-to-date: /home/pratik/ros2_ws/install/my_robot_description/share/my_robot_description/urdf
[0.101s] -- Up-to-date: /home/pratik/ros2_ws/install/my_robot_description/share/my_robot_description/urdf/robot.urdf.xacro
[0.101s] -- Up-to-date: /home/pratik/ros2_ws/install/my_robot_description/share/my_robot_description/launch
[0.101s] -- Up-to-date: /home/pratik/ros2_ws/install/my_robot_description/share/my_robot_description/launch/robot_gazebo_rviz.launch.py
[0.101s] -- Installing: /home/pratik/ros2_ws/install/my_robot_description/lib/my_robot_description/robot_controller.py
[0.102s] -- Up-to-date: /home/pratik/ros2_ws/install/my_robot_description/share/ament_index/resource_index/package_run_dependencies/my_robot_description
[0.102s] -- Up-to-date: /home/pratik/ros2_ws/install/my_robot_description/share/ament_index/resource_index/parent_prefix_path/my_robot_description
[0.102s] -- Up-to-date: /home/pratik/ros2_ws/install/my_robot_description/share/my_robot_description/environment/ament_prefix_path.sh
[0.102s] -- Up-to-date: /home/pratik/ros2_ws/install/my_robot_description/share/my_robot_description/environment/ament_prefix_path.dsv
[0.102s] -- Up-to-date: /home/pratik/ros2_ws/install/my_robot_description/share/my_robot_description/environment/path.sh
[0.102s] -- Up-to-date: /home/pratik/ros2_ws/install/my_robot_description/share/my_robot_description/environment/path.dsv
[0.103s] -- Up-to-date: /home/pratik/ros2_ws/install/my_robot_description/share/my_robot_description/local_setup.bash
[0.103s] -- Up-to-date: /home/pratik/ros2_ws/install/my_robot_description/share/my_robot_description/local_setup.sh
[0.103s] -- Up-to-date: /home/pratik/ros2_ws/install/my_robot_description/share/my_robot_description/local_setup.zsh
[0.103s] -- Up-to-date: /home/pratik/ros2_ws/install/my_robot_description/share/my_robot_description/local_setup.dsv
[0.103s] -- Installing: /home/pratik/ros2_ws/install/my_robot_description/share/my_robot_description/package.dsv
[0.103s] -- Up-to-date: /home/pratik/ros2_ws/install/my_robot_description/share/ament_index/resource_index/packages/my_robot_description
[0.103s] -- Up-to-date: /home/pratik/ros2_ws/install/my_robot_description/share/my_robot_description/cmake/my_robot_descriptionConfig.cmake
[0.103s] -- Up-to-date: /home/pratik/ros2_ws/install/my_robot_description/share/my_robot_description/cmake/my_robot_descriptionConfig-version.cmake
[0.103s] -- Up-to-date: /home/pratik/ros2_ws/install/my_robot_description/share/my_robot_description/package.xml
[0.105s] Invoked command in '/home/pratik/ros2_ws/build/my_robot_description' returned '0': CMAKE_PREFIX_PATH=/opt/ros/humble /usr/bin/cmake --install /home/pratik/ros2_ws/build/my_robot_description
