-- Found ament_cmake: 1.3.12 (/opt/ros/humble/share/ament_cmake/cmake)
-- Found xacro: 2.1.1 (/opt/ros/humble/share/xacro/cmake)
-- Found rosidl_default_generators: 1.2.0 (/opt/ros/humble/share/rosidl_default_generators/cmake)
-- Using all available rosidl_typesupport_c: rosidl_typesupport_fastrtps_c;rosidl_typesupport_introspection_c
-- Found rosidl_adapter: 3.1.8 (/opt/ros/humble/share/rosidl_adapter/cmake)
-- Using all available rosidl_typesupport_cpp: rosidl_typesupport_fastrtps_cpp;rosidl_typesupport_introspection_cpp
-- Found geometry_msgs: 4.9.0 (/opt/ros/humble/share/geometry_msgs/cmake)
-- Found sensor_msgs: 4.9.0 (/opt/ros/humble/share/sensor_msgs/cmake)
-- Found rclcpp: 16.0.17 (/opt/ros/humble/share/rclcpp/cmake)
-- Found rmw_implementation_cmake: 6.1.2 (/opt/ros/humble/share/rmw_implementation_cmake/cmake)
-- Found rmw_fastrtps_cpp: 6.2.9 (/opt/ros/humble/share/rmw_fastrtps_cpp/cmake)
-- Found OpenSSL: /usr/lib/x86_64-linux-gnu/libcrypto.so (found version "3.0.2")  
-- Found FastRTPS: /opt/ros/humble/include  
-- Using RMW implementation 'rmw_fastrtps_cpp' as default
-- Looking for pthread.h
-- Looking for pthread.h - found
-- Performing Test CMAKE_HAVE_LIBC_PTHREAD
-- Performing Test CMAKE_HAVE_LIBC_PTHREAD - Success
-- Found Threads: TRUE  
-- Found ament_lint_auto: 0.12.14 (/opt/ros/humble/share/ament_lint_auto/cmake)
-- Added test 'flake8' to check Python code syntax and style conventions
-- Added test 'lint_cmake' to check CMake code style
-- Added test 'pep257' to check Python code against some of the docstring style conventions in PEP 257
-- Added test 'xmllint' to check XML markup files
-- Configuring done
-- Generating done
-- Build files have been written to: /home/pratik/ros2_ws/build/my_robot_description
-- Install configuration: ""
-- Installing: /home/pratik/ros2_ws/install/my_robot_description/share/my_robot_description/urdf
-- Installing: /home/pratik/ros2_ws/install/my_robot_description/share/my_robot_description/urdf/robot.urdf.xacro
-- Installing: /home/pratik/ros2_ws/install/my_robot_description/share/my_robot_description/launch
-- Installing: /home/pratik/ros2_ws/install/my_robot_description/share/my_robot_description/launch/robot_gazebo_rviz.launch.py
-- Up-to-date: /home/pratik/ros2_ws/install/my_robot_description/share/ament_index/resource_index/package_run_dependencies/my_robot_description
-- Installing: /home/pratik/ros2_ws/install/my_robot_description/share/ament_index/resource_index/parent_prefix_path/my_robot_description
-- Up-to-date: /home/pratik/ros2_ws/install/my_robot_description/share/my_robot_description/environment/ament_prefix_path.sh
-- Installing: /home/pratik/ros2_ws/install/my_robot_description/share/my_robot_description/environment/ament_prefix_path.dsv
-- Up-to-date: /home/pratik/ros2_ws/install/my_robot_description/share/my_robot_description/environment/path.sh
-- Installing: /home/pratik/ros2_ws/install/my_robot_description/share/my_robot_description/environment/path.dsv
-- Up-to-date: /home/pratik/ros2_ws/install/my_robot_description/share/my_robot_description/local_setup.bash
-- Up-to-date: /home/pratik/ros2_ws/install/my_robot_description/share/my_robot_description/local_setup.sh
-- Up-to-date: /home/pratik/ros2_ws/install/my_robot_description/share/my_robot_description/local_setup.zsh
-- Installing: /home/pratik/ros2_ws/install/my_robot_description/share/my_robot_description/local_setup.dsv
-- Installing: /home/pratik/ros2_ws/install/my_robot_description/share/my_robot_description/package.dsv
-- Up-to-date: /home/pratik/ros2_ws/install/my_robot_description/share/ament_index/resource_index/packages/my_robot_description
-- Up-to-date: /home/pratik/ros2_ws/install/my_robot_description/share/my_robot_description/cmake/my_robot_descriptionConfig.cmake
-- Up-to-date: /home/pratik/ros2_ws/install/my_robot_description/share/my_robot_description/cmake/my_robot_descriptionConfig-version.cmake
-- Up-to-date: /home/pratik/ros2_ws/install/my_robot_description/share/my_robot_description/package.xml
