[0.253s] Invoking command in '/home/meel/Git/AISD_Trainee_Module/src/shm': DEBUGINFOD_URLS=https://debuginfod.ubuntu.com PYTHONPATH=/home/meel/Git/AISD_Trainee_Module/build/shm/prefix_override:/usr/lib/python3/dist-packages/colcon_core/task/python/colcon_distutils_commands:/home/meel/Git/AISD_Trainee_Module/install/shm/lib/python3.10/site-packages:${PYTHONPATH} /usr/bin/python3 -W ignore:setup.py install is deprecated -W ignore:easy_install command is deprecated setup.py egg_info --egg-base ../../build/shm build --build-base /home/meel/Git/AISD_Trainee_Module/build/shm/build install --record /home/meel/Git/AISD_Trainee_Module/build/shm/install.log --single-version-externally-managed install_data
[0.347s] running egg_info
[0.347s] writing ../../build/shm/shm.egg-info/PKG-INFO
[0.347s] writing dependency_links to ../../build/shm/shm.egg-info/dependency_links.txt
[0.347s] writing entry points to ../../build/shm/shm.egg-info/entry_points.txt
[0.347s] writing requirements to ../../build/shm/shm.egg-info/requires.txt
[0.347s] writing top-level names to ../../build/shm/shm.egg-info/top_level.txt
[0.347s] reading manifest file '../../build/shm/shm.egg-info/SOURCES.txt'
[0.347s] adding license file 'LICENSE'
[0.348s] writing manifest file '../../build/shm/shm.egg-info/SOURCES.txt'
[0.348s] running build
[0.348s] running build_py
[0.348s] running install
[0.348s] running install_lib
[0.348s] running install_data
[0.348s] running install_egg_info
[0.350s] removing '/home/meel/Git/AISD_Trainee_Module/install/shm/lib/python3.10/site-packages/shm-0.0.0-py3.10.egg-info' (and everything under it)
[0.350s] Copying ../../build/shm/shm.egg-info to /home/meel/Git/AISD_Trainee_Module/install/shm/lib/python3.10/site-packages/shm-0.0.0-py3.10.egg-info
[0.350s] running install_scripts
[0.359s] Installing marker script to /home/meel/Git/AISD_Trainee_Module/install/shm/lib/shm
[0.359s] Installing phy script to /home/meel/Git/AISD_Trainee_Module/install/shm/lib/shm
[0.359s] writing list of installed files to '/home/meel/Git/AISD_Trainee_Module/build/shm/install.log'
[0.368s] Invoked command in '/home/meel/Git/AISD_Trainee_Module/src/shm' returned '0': DEBUGINFOD_URLS=https://debuginfod.ubuntu.com PYTHONPATH=/home/meel/Git/AISD_Trainee_Module/build/shm/prefix_override:/usr/lib/python3/dist-packages/colcon_core/task/python/colcon_distutils_commands:/home/meel/Git/AISD_Trainee_Module/install/shm/lib/python3.10/site-packages:${PYTHONPATH} /usr/bin/python3 -W ignore:setup.py install is deprecated -W ignore:easy_install command is deprecated setup.py egg_info --egg-base ../../build/shm build --build-base /home/meel/Git/AISD_Trainee_Module/build/shm/build install --record /home/meel/Git/AISD_Trainee_Module/build/shm/install.log --single-version-externally-managed install_data
