[0.006s] Invoking command in '/home/poochandi/ros2_ws/build/spring_system': CMAKE_PREFIX_PATH=${CMAKE_PREFIX_PATH}:/opt/ros/humble /usr/bin/cmake --build /home/poochandi/ros2_ws/build/spring_system -- -j12 -l12
[0.038s] [35m[1mConsolidate compiler generated dependencies of target spring_system[0m
[0.050s] [ 50%] [32mBuilding CXX object CMakeFiles/spring_system.dir/src/spring_system.cpp.o[0m
[2.488s] [100%] [32m[1mLinking CXX executable spring_system[0m
[2.619s] [100%] Built target spring_system
[2.628s] Invoked command in '/home/poochandi/ros2_ws/build/spring_system' returned '0': CMAKE_PREFIX_PATH=${CMAKE_PREFIX_PATH}:/opt/ros/humble /usr/bin/cmake --build /home/poochandi/ros2_ws/build/spring_system -- -j12 -l12
[2.636s] Invoking command in '/home/poochandi/ros2_ws/build/spring_system': CMAKE_PREFIX_PATH=${CMAKE_PREFIX_PATH}:/opt/ros/humble /usr/bin/cmake --install /home/poochandi/ros2_ws/build/spring_system
[2.659s] -- Install configuration: ""
[2.660s] -- Installing: /home/poochandi/ros2_ws/install/spring_system/lib/spring_system/spring_system
[2.664s] -- Set runtime path of "/home/poochandi/ros2_ws/install/spring_system/lib/spring_system/spring_system" to ""
[2.665s] -- Up-to-date: /home/poochandi/ros2_ws/install/spring_system/share/ament_index/resource_index/package_run_dependencies/spring_system
[2.669s] -- Up-to-date: /home/poochandi/ros2_ws/install/spring_system/share/ament_index/resource_index/parent_prefix_path/spring_system
[2.670s] -- Up-to-date: /home/poochandi/ros2_ws/install/spring_system/share/spring_system/environment/ament_prefix_path.sh
[2.670s] -- Up-to-date: /home/poochandi/ros2_ws/install/spring_system/share/spring_system/environment/ament_prefix_path.dsv
[2.671s] -- Up-to-date: /home/poochandi/ros2_ws/install/spring_system/share/spring_system/environment/path.sh
[2.672s] -- Up-to-date: /home/poochandi/ros2_ws/install/spring_system/share/spring_system/environment/path.dsv
[2.672s] -- Up-to-date: /home/poochandi/ros2_ws/install/spring_system/share/spring_system/local_setup.bash
[2.673s] -- Up-to-date: /home/poochandi/ros2_ws/install/spring_system/share/spring_system/local_setup.sh
[2.674s] -- Up-to-date: /home/poochandi/ros2_ws/install/spring_system/share/spring_system/local_setup.zsh
[2.674s] -- Up-to-date: /home/poochandi/ros2_ws/install/spring_system/share/spring_system/local_setup.dsv
[2.675s] -- Installing: /home/poochandi/ros2_ws/install/spring_system/share/spring_system/package.dsv
[2.675s] -- Up-to-date: /home/poochandi/ros2_ws/install/spring_system/share/ament_index/resource_index/packages/spring_system
[2.675s] -- Up-to-date: /home/poochandi/ros2_ws/install/spring_system/share/spring_system/cmake/spring_systemConfig.cmake
[2.675s] -- Up-to-date: /home/poochandi/ros2_ws/install/spring_system/share/spring_system/cmake/spring_systemConfig-version.cmake
[2.682s] -- Up-to-date: /home/poochandi/ros2_ws/install/spring_system/share/spring_system/package.xml
[2.684s] Invoked command in '/home/poochandi/ros2_ws/build/spring_system' returned '0': CMAKE_PREFIX_PATH=${CMAKE_PREFIX_PATH}:/opt/ros/humble /usr/bin/cmake --install /home/poochandi/ros2_ws/build/spring_system
