running egg_info
writing ../../build/shm/shm.egg-info/PKG-INFO
writing dependency_links to ../../build/shm/shm.egg-info/dependency_links.txt
writing entry points to ../../build/shm/shm.egg-info/entry_points.txt
writing requirements to ../../build/shm/shm.egg-info/requires.txt
writing top-level names to ../../build/shm/shm.egg-info/top_level.txt
reading manifest file '../../build/shm/shm.egg-info/SOURCES.txt'
adding license file 'LICENSE'
writing manifest file '../../build/shm/shm.egg-info/SOURCES.txt'
running build
running build_py
copying shm/marker_node.py -> /home/meel/Git/AISD_Trainee_Module/build/shm/build/lib/shm
running install
running install_lib
copying /home/meel/Git/AISD_Trainee_Module/build/shm/build/lib/shm/marker_node.py -> /home/meel/Git/AISD_Trainee_Module/install/shm/lib/python3.10/site-packages/shm
byte-compiling /home/meel/Git/AISD_Trainee_Module/install/shm/lib/python3.10/site-packages/shm/marker_node.py to marker_node.cpython-310.pyc
running install_data
running install_egg_info
removing '/home/meel/Git/AISD_Trainee_Module/install/shm/lib/python3.10/site-packages/shm-0.0.0-py3.10.egg-info' (and everything under it)
Copying ../../build/shm/shm.egg-info to /home/meel/Git/AISD_Trainee_Module/install/shm/lib/python3.10/site-packages/shm-0.0.0-py3.10.egg-info
running install_scripts
Installing marker script to /home/meel/Git/AISD_Trainee_Module/install/shm/lib/shm
Installing phy script to /home/meel/Git/AISD_Trainee_Module/install/shm/lib/shm
writing list of installed files to '/home/meel/Git/AISD_Trainee_Module/build/shm/install.log'
