[0.286s] Invoking command in '/home/meel/Git/AISD_Trainee_Module/src/shm': DEBUGINFOD_URLS=https://debuginfod.ubuntu.com PYTHONPATH=/home/meel/Git/AISD_Trainee_Module/build/shm/prefix_override:/usr/lib/python3/dist-packages/colcon_core/task/python/colcon_distutils_commands:/home/meel/Git/AISD_Trainee_Module/install/shm/lib/python3.10/site-packages:${PYTHONPATH} /usr/bin/python3 -W ignore:setup.py install is deprecated -W ignore:easy_install command is deprecated setup.py egg_info --egg-base ../../build/shm build --build-base /home/meel/Git/AISD_Trainee_Module/build/shm/build install --record /home/meel/Git/AISD_Trainee_Module/build/shm/install.log --single-version-externally-managed install_data
[0.386s] running egg_info
[0.386s] writing ../../build/shm/shm.egg-info/PKG-INFO
[0.386s] writing dependency_links to ../../build/shm/shm.egg-info/dependency_links.txt
[0.386s] writing entry points to ../../build/shm/shm.egg-info/entry_points.txt
[0.386s] writing requirements to ../../build/shm/shm.egg-info/requires.txt
[0.386s] writing top-level names to ../../build/shm/shm.egg-info/top_level.txt
[0.387s] reading manifest file '../../build/shm/shm.egg-info/SOURCES.txt'
[0.387s] adding license file 'LICENSE'
[0.388s] writing manifest file '../../build/shm/shm.egg-info/SOURCES.txt'
[0.388s] running build
[0.388s] running build_py
[0.388s] copying shm/marker_node.py -> /home/meel/Git/AISD_Trainee_Module/build/shm/build/lib/shm
[0.388s] running install
[0.388s] running install_lib
[0.389s] copying /home/meel/Git/AISD_Trainee_Module/build/shm/build/lib/shm/marker_node.py -> /home/meel/Git/AISD_Trainee_Module/install/shm/lib/python3.10/site-packages/shm
[0.389s] byte-compiling /home/meel/Git/AISD_Trainee_Module/install/shm/lib/python3.10/site-packages/shm/marker_node.py to marker_node.cpython-310.pyc
[0.389s] running install_data
[0.390s] running install_egg_info
[0.390s] removing '/home/meel/Git/AISD_Trainee_Module/install/shm/lib/python3.10/site-packages/shm-0.0.0-py3.10.egg-info' (and everything under it)
[0.391s] Copying ../../build/shm/shm.egg-info to /home/meel/Git/AISD_Trainee_Module/install/shm/lib/python3.10/site-packages/shm-0.0.0-py3.10.egg-info
[0.391s] running install_scripts
[0.400s] Installing marker script to /home/meel/Git/AISD_Trainee_Module/install/shm/lib/shm
[0.400s] Installing phy script to /home/meel/Git/AISD_Trainee_Module/install/shm/lib/shm
[0.400s] writing list of installed files to '/home/meel/Git/AISD_Trainee_Module/build/shm/install.log'
[0.409s] Invoked command in '/home/meel/Git/AISD_Trainee_Module/src/shm' returned '0': DEBUGINFOD_URLS=https://debuginfod.ubuntu.com PYTHONPATH=/home/meel/Git/AISD_Trainee_Module/build/shm/prefix_override:/usr/lib/python3/dist-packages/colcon_core/task/python/colcon_distutils_commands:/home/meel/Git/AISD_Trainee_Module/install/shm/lib/python3.10/site-packages:${PYTHONPATH} /usr/bin/python3 -W ignore:setup.py install is deprecated -W ignore:easy_install command is deprecated setup.py egg_info --egg-base ../../build/shm build --build-base /home/meel/Git/AISD_Trainee_Module/build/shm/build install --record /home/meel/Git/AISD_Trainee_Module/build/shm/install.log --single-version-externally-managed install_data
