[0.007s] Invoking command in '/home/poochandi/ros2_ws/build/spring_system': CMAKE_PREFIX_PATH=${CMAKE_PREFIX_PATH}:/opt/ros/humble /usr/bin/cmake --build /home/poochandi/ros2_ws/build/spring_system -- -j12 -l12
[0.039s] [35m[1mConsolidate compiler generated dependencies of target spring_system[0m
[0.053s] [ 50%] [32mBuilding CXX object CMakeFiles/spring_system.dir/src/spring_system.cpp.o[0m
[2.595s] [100%] [32m[1mLinking CXX executable spring_system[0m
[2.724s] [100%] Built target spring_system
[2.732s] Invoked command in '/home/poochandi/ros2_ws/build/spring_system' returned '0': CMAKE_PREFIX_PATH=${CMAKE_PREFIX_PATH}:/opt/ros/humble /usr/bin/cmake --build /home/poochandi/ros2_ws/build/spring_system -- -j12 -l12
[2.741s] Invoking command in '/home/poochandi/ros2_ws/build/spring_system': CMAKE_PREFIX_PATH=${CMAKE_PREFIX_PATH}:/opt/ros/humble /usr/bin/cmake --install /home/poochandi/ros2_ws/build/spring_system
[2.747s] -- Install configuration: ""
[2.747s] -- Installing: /home/poochandi/ros2_ws/install/spring_system/lib/spring_system/spring_system
[2.748s] -- Set runtime path of "/home/poochandi/ros2_ws/install/spring_system/lib/spring_system/spring_system" to ""
[2.748s] -- Up-to-date: /home/poochandi/ros2_ws/install/spring_system/share/ament_index/resource_index/package_run_dependencies/spring_system
[2.748s] -- Up-to-date: /home/poochandi/ros2_ws/install/spring_system/share/ament_index/resource_index/parent_prefix_path/spring_system
[2.748s] -- Up-to-date: /home/poochandi/ros2_ws/install/spring_system/share/spring_system/environment/ament_prefix_path.sh
[2.748s] -- Up-to-date: /home/poochandi/ros2_ws/install/spring_system/share/spring_system/environment/ament_prefix_path.dsv
[2.748s] -- Up-to-date: /home/poochandi/ros2_ws/install/spring_system/share/spring_system/environment/path.sh
[2.748s] -- Up-to-date: /home/poochandi/ros2_ws/install/spring_system/share/spring_system/environment/path.dsv
[2.748s] -- Up-to-date: /home/poochandi/ros2_ws/install/spring_system/share/spring_system/local_setup.bash
[2.748s] -- Up-to-date: /home/poochandi/ros2_ws/install/spring_system/share/spring_system/local_setup.sh
[2.748s] -- Up-to-date: /home/poochandi/ros2_ws/install/spring_system/share/spring_system/local_setup.zsh
[2.748s] -- Up-to-date: /home/poochandi/ros2_ws/install/spring_system/share/spring_system/local_setup.dsv
[2.749s] -- Installing: /home/poochandi/ros2_ws/install/spring_system/share/spring_system/package.dsv
[2.749s] -- Up-to-date: /home/poochandi/ros2_ws/install/spring_system/share/ament_index/resource_index/packages/spring_system
[2.749s] -- Up-to-date: /home/poochandi/ros2_ws/install/spring_system/share/spring_system/cmake/spring_systemConfig.cmake
[2.749s] -- Up-to-date: /home/poochandi/ros2_ws/install/spring_system/share/spring_system/cmake/spring_systemConfig-version.cmake
[2.749s] -- Up-to-date: /home/poochandi/ros2_ws/install/spring_system/share/spring_system/package.xml
[2.751s] Invoked command in '/home/poochandi/ros2_ws/build/spring_system' returned '0': CMAKE_PREFIX_PATH=${CMAKE_PREFIX_PATH}:/opt/ros/humble /usr/bin/cmake --install /home/poochandi/ros2_ws/build/spring_system
