[0.063s] DEBUG:colcon:Command line arguments: ['/usr/bin/colcon', 'build', '--symlink-install']
[0.063s] DEBUG:colcon:Parsed command line arguments: Namespace(log_base=None, log_level=None, verb_name='build', build_base='build', install_base='install', merge_install=False, symlink_install=True, test_result_base=None, continue_on_error=False, executor='parallel', parallel_workers=24, event_handlers=None, ignore_user_meta=False, metas=['./colcon.meta'], base_paths=['.'], packages_ignore=None, packages_ignore_regex=None, paths=None, packages_up_to=None, packages_up_to_regex=None, packages_above=None, packages_above_and_dependencies=None, packages_above_depth=None, packages_select_by_dep=None, packages_skip_by_dep=None, packages_skip_up_to=None, packages_select_build_failed=False, packages_skip_build_finished=False, packages_select_test_failures=False, packages_skip_test_passed=False, packages_select=None, packages_skip=None, packages_select_regex=None, packages_skip_regex=None, packages_start=None, packages_end=None, allow_overriding=[], cmake_args=None, cmake_target=None, cmake_target_skip_unavailable=False, cmake_clean_cache=False, cmake_clean_first=False, cmake_force_configure=False, ament_cmake_args=None, catkin_cmake_args=None, catkin_skip_building_tests=False, mixin_files=None, mixin=None, verb_parser=<colcon_mixin.mixin.mixin_argument.MixinArgumentDecorator object at 0x744e9b26e890>, verb_extension=<colcon_core.verb.build.BuildVerb object at 0x744e9b26e1d0>, main=<bound method BuildVerb.main of <colcon_core.verb.build.BuildVerb object at 0x744e9b26e1d0>>, mixin_verb=('build',))
[0.153s] Level 1:colcon.colcon_core.package_discovery:discover_packages(colcon_meta) check parameters
[0.153s] Level 1:colcon.colcon_core.package_discovery:discover_packages(recursive) check parameters
[0.153s] Level 1:colcon.colcon_core.package_discovery:discover_packages(ignore) check parameters
[0.153s] Level 1:colcon.colcon_core.package_discovery:discover_packages(path) check parameters
[0.153s] Level 1:colcon.colcon_core.package_discovery:discover_packages(colcon_meta) discover
[0.153s] Level 1:colcon.colcon_core.package_discovery:discover_packages(recursive) discover
[0.153s] INFO:colcon.colcon_core.package_discovery:Crawling recursively for packages in '/home/meel/Git/AISD_Trainee_Module'
[0.153s] Level 1:colcon.colcon_core.package_identification:_identify(.) by extensions ['ignore', 'ignore_ament_install']
[0.153s] Level 1:colcon.colcon_core.package_identification:_identify(.) by extension 'ignore'
[0.153s] Level 1:colcon.colcon_core.package_identification:_identify(.) by extension 'ignore_ament_install'
[0.153s] Level 1:colcon.colcon_core.package_identification:_identify(.) by extensions ['colcon_pkg']
[0.153s] Level 1:colcon.colcon_core.package_identification:_identify(.) by extension 'colcon_pkg'
[0.153s] Level 1:colcon.colcon_core.package_identification:_identify(.) by extensions ['colcon_meta']
[0.153s] Level 1:colcon.colcon_core.package_identification:_identify(.) by extension 'colcon_meta'
[0.153s] Level 1:colcon.colcon_core.package_identification:_identify(.) by extensions ['ros']
[0.153s] Level 1:colcon.colcon_core.package_identification:_identify(.) by extension 'ros'
[0.160s] Level 1:colcon.colcon_core.package_identification:_identify(.) by extensions ['cmake', 'python']
[0.160s] Level 1:colcon.colcon_core.package_identification:_identify(.) by extension 'cmake'
[0.160s] Level 1:colcon.colcon_core.package_identification:_identify(.) by extension 'python'
[0.160s] Level 1:colcon.colcon_core.package_identification:_identify(.) by extensions ['python_setup_py']
[0.160s] Level 1:colcon.colcon_core.package_identification:_identify(.) by extension 'python_setup_py'
[0.160s] Level 1:colcon.colcon_core.package_identification:_identify(build) by extensions ['ignore', 'ignore_ament_install']
[0.160s] Level 1:colcon.colcon_core.package_identification:_identify(build) by extension 'ignore'
[0.160s] Level 1:colcon.colcon_core.package_identification:_identify(build) ignored
[0.160s] Level 1:colcon.colcon_core.package_identification:_identify(install) by extensions ['ignore', 'ignore_ament_install']
[0.160s] Level 1:colcon.colcon_core.package_identification:_identify(install) by extension 'ignore'
[0.160s] Level 1:colcon.colcon_core.package_identification:_identify(install) ignored
[0.160s] Level 1:colcon.colcon_core.package_identification:_identify(log) by extensions ['ignore', 'ignore_ament_install']
[0.160s] Level 1:colcon.colcon_core.package_identification:_identify(log) by extension 'ignore'
[0.160s] Level 1:colcon.colcon_core.package_identification:_identify(log) ignored
[0.160s] Level 1:colcon.colcon_core.package_identification:_identify(src) by extensions ['ignore', 'ignore_ament_install']
[0.160s] Level 1:colcon.colcon_core.package_identification:_identify(src) by extension 'ignore'
[0.160s] Level 1:colcon.colcon_core.package_identification:_identify(src) by extension 'ignore_ament_install'
[0.160s] Level 1:colcon.colcon_core.package_identification:_identify(src) by extensions ['colcon_pkg']
[0.160s] Level 1:colcon.colcon_core.package_identification:_identify(src) by extension 'colcon_pkg'
[0.160s] Level 1:colcon.colcon_core.package_identification:_identify(src) by extensions ['colcon_meta']
[0.160s] Level 1:colcon.colcon_core.package_identification:_identify(src) by extension 'colcon_meta'
[0.160s] Level 1:colcon.colcon_core.package_identification:_identify(src) by extensions ['ros']
[0.160s] Level 1:colcon.colcon_core.package_identification:_identify(src) by extension 'ros'
[0.160s] Level 1:colcon.colcon_core.package_identification:_identify(src) by extensions ['cmake', 'python']
[0.160s] Level 1:colcon.colcon_core.package_identification:_identify(src) by extension 'cmake'
[0.160s] Level 1:colcon.colcon_core.package_identification:_identify(src) by extension 'python'
[0.160s] Level 1:colcon.colcon_core.package_identification:_identify(src) by extensions ['python_setup_py']
[0.160s] Level 1:colcon.colcon_core.package_identification:_identify(src) by extension 'python_setup_py'
[0.161s] Level 1:colcon.colcon_core.package_identification:_identify(src/my_robot_description) by extensions ['ignore', 'ignore_ament_install']
[0.161s] Level 1:colcon.colcon_core.package_identification:_identify(src/my_robot_description) by extension 'ignore'
[0.161s] Level 1:colcon.colcon_core.package_identification:_identify(src/my_robot_description) by extension 'ignore_ament_install'
[0.161s] Level 1:colcon.colcon_core.package_identification:_identify(src/my_robot_description) by extensions ['colcon_pkg']
[0.161s] Level 1:colcon.colcon_core.package_identification:_identify(src/my_robot_description) by extension 'colcon_pkg'
[0.161s] Level 1:colcon.colcon_core.package_identification:_identify(src/my_robot_description) by extensions ['colcon_meta']
[0.161s] Level 1:colcon.colcon_core.package_identification:_identify(src/my_robot_description) by extension 'colcon_meta'
[0.161s] Level 1:colcon.colcon_core.package_identification:_identify(src/my_robot_description) by extensions ['ros']
[0.161s] Level 1:colcon.colcon_core.package_identification:_identify(src/my_robot_description) by extension 'ros'
[0.162s] DEBUG:colcon.colcon_core.package_identification:Package 'src/my_robot_description' with type 'ros.ament_cmake' and name 'my_robot_description'
[0.162s] Level 1:colcon.colcon_core.package_identification:_identify(src/shm) by extensions ['ignore', 'ignore_ament_install']
[0.162s] Level 1:colcon.colcon_core.package_identification:_identify(src/shm) by extension 'ignore'
[0.162s] Level 1:colcon.colcon_core.package_identification:_identify(src/shm) by extension 'ignore_ament_install'
[0.162s] Level 1:colcon.colcon_core.package_identification:_identify(src/shm) by extensions ['colcon_pkg']
[0.162s] Level 1:colcon.colcon_core.package_identification:_identify(src/shm) by extension 'colcon_pkg'
[0.162s] Level 1:colcon.colcon_core.package_identification:_identify(src/shm) by extensions ['colcon_meta']
[0.162s] Level 1:colcon.colcon_core.package_identification:_identify(src/shm) by extension 'colcon_meta'
[0.162s] Level 1:colcon.colcon_core.package_identification:_identify(src/shm) by extensions ['ros']
[0.162s] Level 1:colcon.colcon_core.package_identification:_identify(src/shm) by extension 'ros'
[0.163s] DEBUG:colcon.colcon_core.package_identification:Package 'src/shm' with type 'ros.ament_python' and name 'shm'
[0.163s] Level 1:colcon.colcon_core.package_discovery:discover_packages(recursive) using defaults
[0.163s] Level 1:colcon.colcon_core.package_discovery:discover_packages(ignore) discover
[0.163s] Level 1:colcon.colcon_core.package_discovery:discover_packages(ignore) using defaults
[0.163s] Level 1:colcon.colcon_core.package_discovery:discover_packages(path) discover
[0.163s] Level 1:colcon.colcon_core.package_discovery:discover_packages(path) using defaults
[0.183s] Level 1:colcon.colcon_core.package_discovery:discover_packages(prefix_path) check parameters
[0.183s] Level 1:colcon.colcon_core.package_discovery:discover_packages(prefix_path) discover
[0.184s] DEBUG:colcon.colcon_installed_package_information.package_discovery:Found 2 installed packages in /home/meel/Git/AISD_Trainee_Module/install
[0.185s] DEBUG:colcon.colcon_installed_package_information.package_discovery:Found 324 installed packages in /opt/ros/humble
[0.185s] Level 1:colcon.colcon_core.package_discovery:discover_packages(prefix_path) using defaults
[0.207s] Level 5:colcon.colcon_core.verb:set package 'my_robot_description' build argument 'cmake_args' from command line to 'None'
[0.207s] Level 5:colcon.colcon_core.verb:set package 'my_robot_description' build argument 'cmake_target' from command line to 'None'
[0.207s] Level 5:colcon.colcon_core.verb:set package 'my_robot_description' build argument 'cmake_target_skip_unavailable' from command line to 'False'
[0.207s] Level 5:colcon.colcon_core.verb:set package 'my_robot_description' build argument 'cmake_clean_cache' from command line to 'False'
[0.208s] Level 5:colcon.colcon_core.verb:set package 'my_robot_description' build argument 'cmake_clean_first' from command line to 'False'
[0.208s] Level 5:colcon.colcon_core.verb:set package 'my_robot_description' build argument 'cmake_force_configure' from command line to 'False'
[0.208s] Level 5:colcon.colcon_core.verb:set package 'my_robot_description' build argument 'ament_cmake_args' from command line to 'None'
[0.208s] Level 5:colcon.colcon_core.verb:set package 'my_robot_description' build argument 'catkin_cmake_args' from command line to 'None'
[0.208s] Level 5:colcon.colcon_core.verb:set package 'my_robot_description' build argument 'catkin_skip_building_tests' from command line to 'False'
[0.208s] DEBUG:colcon.colcon_core.verb:Building package 'my_robot_description' with the following arguments: {'ament_cmake_args': None, 'build_base': '/home/meel/Git/AISD_Trainee_Module/build/my_robot_description', 'catkin_cmake_args': None, 'catkin_skip_building_tests': False, 'cmake_args': None, 'cmake_clean_cache': False, 'cmake_clean_first': False, 'cmake_force_configure': False, 'cmake_target': None, 'cmake_target_skip_unavailable': False, 'install_base': '/home/meel/Git/AISD_Trainee_Module/install/my_robot_description', 'merge_install': False, 'path': '/home/meel/Git/AISD_Trainee_Module/src/my_robot_description', 'symlink_install': True, 'test_result_base': None}
[0.208s] Level 5:colcon.colcon_core.verb:set package 'shm' build argument 'cmake_args' from command line to 'None'
[0.208s] Level 5:colcon.colcon_core.verb:set package 'shm' build argument 'cmake_target' from command line to 'None'
[0.208s] Level 5:colcon.colcon_core.verb:set package 'shm' build argument 'cmake_target_skip_unavailable' from command line to 'False'
[0.208s] Level 5:colcon.colcon_core.verb:set package 'shm' build argument 'cmake_clean_cache' from command line to 'False'
[0.208s] Level 5:colcon.colcon_core.verb:set package 'shm' build argument 'cmake_clean_first' from command line to 'False'
[0.208s] Level 5:colcon.colcon_core.verb:set package 'shm' build argument 'cmake_force_configure' from command line to 'False'
[0.208s] Level 5:colcon.colcon_core.verb:set package 'shm' build argument 'ament_cmake_args' from command line to 'None'
[0.208s] Level 5:colcon.colcon_core.verb:set package 'shm' build argument 'catkin_cmake_args' from command line to 'None'
[0.208s] Level 5:colcon.colcon_core.verb:set package 'shm' build argument 'catkin_skip_building_tests' from command line to 'False'
[0.208s] DEBUG:colcon.colcon_core.verb:Building package 'shm' with the following arguments: {'ament_cmake_args': None, 'build_base': '/home/meel/Git/AISD_Trainee_Module/build/shm', 'catkin_cmake_args': None, 'catkin_skip_building_tests': False, 'cmake_args': None, 'cmake_clean_cache': False, 'cmake_clean_first': False, 'cmake_force_configure': False, 'cmake_target': None, 'cmake_target_skip_unavailable': False, 'install_base': '/home/meel/Git/AISD_Trainee_Module/install/shm', 'merge_install': False, 'path': '/home/meel/Git/AISD_Trainee_Module/src/shm', 'symlink_install': True, 'test_result_base': None}
[0.208s] INFO:colcon.colcon_core.executor:Executing jobs using 'parallel' executor
[0.209s] DEBUG:colcon.colcon_parallel_executor.executor.parallel:run_until_complete
[0.209s] INFO:colcon.colcon_ros.task.ament_cmake.build:Building ROS package in '/home/meel/Git/AISD_Trainee_Module/src/my_robot_description' with build type 'ament_cmake'
[0.209s] INFO:colcon.colcon_cmake.task.cmake.build:Building CMake package in '/home/meel/Git/AISD_Trainee_Module/src/my_robot_description'
[0.210s] INFO:colcon.colcon_core.plugin_system:Skipping extension 'colcon_core.shell.bat': Not used on non-Windows systems
[0.210s] INFO:colcon.colcon_core.shell:Skip shell extension 'powershell' for command environment: Not usable outside of PowerShell
[0.210s] DEBUG:colcon.colcon_core.shell:Skip shell extension 'dsv' for command environment
[0.213s] INFO:colcon.colcon_ros.task.ament_python.build:Building ROS package in '/home/meel/Git/AISD_Trainee_Module/src/shm' with build type 'ament_python'
[0.214s] Level 1:colcon.colcon_core.shell:create_environment_hook('shm', 'ament_prefix_path')
[0.214s] INFO:colcon.colcon_core.shell:Creating environment hook '/home/meel/Git/AISD_Trainee_Module/install/shm/share/shm/hook/ament_prefix_path.ps1'
[0.215s] INFO:colcon.colcon_core.shell:Creating environment descriptor '/home/meel/Git/AISD_Trainee_Module/install/shm/share/shm/hook/ament_prefix_path.dsv'
[0.215s] INFO:colcon.colcon_core.shell:Creating environment hook '/home/meel/Git/AISD_Trainee_Module/install/shm/share/shm/hook/ament_prefix_path.sh'
[0.215s] INFO:colcon.colcon_core.shell:Skip shell extension 'powershell' for command environment: Not usable outside of PowerShell
[0.215s] DEBUG:colcon.colcon_core.shell:Skip shell extension 'dsv' for command environment
[0.219s] DEBUG:colcon.colcon_core.event_handler.log_command:Invoking command in '/home/meel/Git/AISD_Trainee_Module/build/my_robot_description': CMAKE_PREFIX_PATH=${CMAKE_PREFIX_PATH}:/home/meel/Git/AISD_Trainee_Module/install/shm:/opt/ros/humble DEBUGINFOD_URLS=https://debuginfod.ubuntu.com /usr/bin/cmake /home/meel/Git/AISD_Trainee_Module/src/my_robot_description -DAMENT_CMAKE_SYMLINK_INSTALL=1 -DCMAKE_INSTALL_PREFIX=/home/meel/Git/AISD_Trainee_Module/install/my_robot_description
[0.402s] INFO:colcon.colcon_core.task.python.build:Building Python package in '/home/meel/Git/AISD_Trainee_Module/src/shm'
[0.402s] INFO:colcon.colcon_core.shell:Skip shell extension 'powershell' for command environment: Not usable outside of PowerShell
[0.402s] DEBUG:colcon.colcon_core.shell:Skip shell extension 'dsv' for command environment
[0.406s] DEBUG:colcon.colcon_core.event_handler.log_command:Invoked command in '/home/meel/Git/AISD_Trainee_Module/build/my_robot_description' returned '0': CMAKE_PREFIX_PATH=${CMAKE_PREFIX_PATH}:/home/meel/Git/AISD_Trainee_Module/install/shm:/opt/ros/humble DEBUGINFOD_URLS=https://debuginfod.ubuntu.com /usr/bin/cmake /home/meel/Git/AISD_Trainee_Module/src/my_robot_description -DAMENT_CMAKE_SYMLINK_INSTALL=1 -DCMAKE_INSTALL_PREFIX=/home/meel/Git/AISD_Trainee_Module/install/my_robot_description
[0.406s] DEBUG:colcon.colcon_core.event_handler.log_command:Invoking command in '/home/meel/Git/AISD_Trainee_Module/build/my_robot_description': CMAKE_PREFIX_PATH=${CMAKE_PREFIX_PATH}:/home/meel/Git/AISD_Trainee_Module/install/shm:/opt/ros/humble DEBUGINFOD_URLS=https://debuginfod.ubuntu.com /usr/bin/cmake --build /home/meel/Git/AISD_Trainee_Module/build/my_robot_description -- -j24 -l24
[0.436s] DEBUG:colcon.colcon_core.event_handler.log_command:Invoked command in '/home/meel/Git/AISD_Trainee_Module/build/my_robot_description' returned '0': CMAKE_PREFIX_PATH=${CMAKE_PREFIX_PATH}:/home/meel/Git/AISD_Trainee_Module/install/shm:/opt/ros/humble DEBUGINFOD_URLS=https://debuginfod.ubuntu.com /usr/bin/cmake --build /home/meel/Git/AISD_Trainee_Module/build/my_robot_description -- -j24 -l24
[0.445s] DEBUG:colcon.colcon_core.event_handler.log_command:Invoking command in '/home/meel/Git/AISD_Trainee_Module/build/my_robot_description': CMAKE_PREFIX_PATH=${CMAKE_PREFIX_PATH}:/home/meel/Git/AISD_Trainee_Module/install/shm:/opt/ros/humble DEBUGINFOD_URLS=https://debuginfod.ubuntu.com /usr/bin/cmake --install /home/meel/Git/AISD_Trainee_Module/build/my_robot_description
[0.459s] Level 1:colcon.colcon_core.environment:create_environment_scripts_only(my_robot_description)
[0.460s] DEBUG:colcon.colcon_core.event_handler.log_command:Invoked command in '/home/meel/Git/AISD_Trainee_Module/build/my_robot_description' returned '0': CMAKE_PREFIX_PATH=${CMAKE_PREFIX_PATH}:/home/meel/Git/AISD_Trainee_Module/install/shm:/opt/ros/humble DEBUGINFOD_URLS=https://debuginfod.ubuntu.com /usr/bin/cmake --install /home/meel/Git/AISD_Trainee_Module/build/my_robot_description
[0.461s] Level 1:colcon.colcon_core.environment:checking '/home/meel/Git/AISD_Trainee_Module/install/my_robot_description' for CMake module files
[0.461s] Level 1:colcon.colcon_core.environment:checking '/home/meel/Git/AISD_Trainee_Module/install/my_robot_description' for CMake config files
[0.462s] Level 1:colcon.colcon_core.shell:create_environment_hook('my_robot_description', 'cmake_prefix_path')
[0.463s] INFO:colcon.colcon_core.shell:Creating environment hook '/home/meel/Git/AISD_Trainee_Module/install/my_robot_description/share/my_robot_description/hook/cmake_prefix_path.ps1'
[0.464s] INFO:colcon.colcon_core.shell:Creating environment descriptor '/home/meel/Git/AISD_Trainee_Module/install/my_robot_description/share/my_robot_description/hook/cmake_prefix_path.dsv'
[0.464s] INFO:colcon.colcon_core.shell:Creating environment hook '/home/meel/Git/AISD_Trainee_Module/install/my_robot_description/share/my_robot_description/hook/cmake_prefix_path.sh'
[0.464s] Level 1:colcon.colcon_core.environment:checking '/home/meel/Git/AISD_Trainee_Module/install/my_robot_description/bin'
[0.464s] Level 1:colcon.colcon_core.environment:checking '/home/meel/Git/AISD_Trainee_Module/install/my_robot_description/lib/pkgconfig/my_robot_description.pc'
[0.465s] Level 1:colcon.colcon_core.environment:checking '/home/meel/Git/AISD_Trainee_Module/install/my_robot_description/lib/python3.10/site-packages'
[0.465s] Level 1:colcon.colcon_core.environment:checking '/home/meel/Git/AISD_Trainee_Module/install/my_robot_description/bin'
[0.465s] INFO:colcon.colcon_core.shell:Creating package script '/home/meel/Git/AISD_Trainee_Module/install/my_robot_description/share/my_robot_description/package.ps1'
[0.466s] INFO:colcon.colcon_core.shell:Creating package descriptor '/home/meel/Git/AISD_Trainee_Module/install/my_robot_description/share/my_robot_description/package.dsv'
[0.466s] INFO:colcon.colcon_core.shell:Creating package script '/home/meel/Git/AISD_Trainee_Module/install/my_robot_description/share/my_robot_description/package.sh'
[0.467s] INFO:colcon.colcon_core.shell:Creating package script '/home/meel/Git/AISD_Trainee_Module/install/my_robot_description/share/my_robot_description/package.bash'
[0.467s] INFO:colcon.colcon_core.shell:Creating package script '/home/meel/Git/AISD_Trainee_Module/install/my_robot_description/share/my_robot_description/package.zsh'
[0.467s] Level 1:colcon.colcon_core.environment:create_file_with_runtime_dependencies(/home/meel/Git/AISD_Trainee_Module/install/my_robot_description/share/colcon-core/packages/my_robot_description)
[0.468s] Level 1:colcon.colcon_core.environment:create_environment_scripts_only(my_robot_description)
[0.468s] Level 1:colcon.colcon_core.environment:checking '/home/meel/Git/AISD_Trainee_Module/install/my_robot_description' for CMake module files
[0.468s] Level 1:colcon.colcon_core.environment:checking '/home/meel/Git/AISD_Trainee_Module/install/my_robot_description' for CMake config files
[0.468s] Level 1:colcon.colcon_core.shell:create_environment_hook('my_robot_description', 'cmake_prefix_path')
[0.469s] INFO:colcon.colcon_core.shell:Creating environment hook '/home/meel/Git/AISD_Trainee_Module/install/my_robot_description/share/my_robot_description/hook/cmake_prefix_path.ps1'
[0.492s] INFO:colcon.colcon_core.shell:Creating environment descriptor '/home/meel/Git/AISD_Trainee_Module/install/my_robot_description/share/my_robot_description/hook/cmake_prefix_path.dsv'
[0.493s] INFO:colcon.colcon_core.shell:Creating environment hook '/home/meel/Git/AISD_Trainee_Module/install/my_robot_description/share/my_robot_description/hook/cmake_prefix_path.sh'
[0.493s] Level 1:colcon.colcon_core.environment:checking '/home/meel/Git/AISD_Trainee_Module/install/my_robot_description/bin'
[0.493s] Level 1:colcon.colcon_core.environment:checking '/home/meel/Git/AISD_Trainee_Module/install/my_robot_description/lib/pkgconfig/my_robot_description.pc'
[0.493s] Level 1:colcon.colcon_core.environment:checking '/home/meel/Git/AISD_Trainee_Module/install/my_robot_description/lib/python3.10/site-packages'
[0.494s] Level 1:colcon.colcon_core.environment:checking '/home/meel/Git/AISD_Trainee_Module/install/my_robot_description/bin'
[0.494s] INFO:colcon.colcon_core.shell:Creating package script '/home/meel/Git/AISD_Trainee_Module/install/my_robot_description/share/my_robot_description/package.ps1'
[0.494s] INFO:colcon.colcon_core.shell:Creating package descriptor '/home/meel/Git/AISD_Trainee_Module/install/my_robot_description/share/my_robot_description/package.dsv'
[0.494s] INFO:colcon.colcon_core.shell:Creating package script '/home/meel/Git/AISD_Trainee_Module/install/my_robot_description/share/my_robot_description/package.sh'
[0.495s] INFO:colcon.colcon_core.shell:Creating package script '/home/meel/Git/AISD_Trainee_Module/install/my_robot_description/share/my_robot_description/package.bash'
[0.495s] INFO:colcon.colcon_core.shell:Creating package script '/home/meel/Git/AISD_Trainee_Module/install/my_robot_description/share/my_robot_description/package.zsh'
[0.495s] Level 1:colcon.colcon_core.environment:create_file_with_runtime_dependencies(/home/meel/Git/AISD_Trainee_Module/install/my_robot_description/share/colcon-core/packages/my_robot_description)
[0.622s] DEBUG:colcon.colcon_core.task.python.build:While undoing a previous installation files outside the Python library path are being ignored: /home/meel/Git/AISD_Trainee_Module/install/shm/share/ament_index/resource_index/packages/shm
[0.622s] DEBUG:colcon.colcon_core.task.python.build:While undoing a previous installation files outside the Python library path are being ignored: /home/meel/Git/AISD_Trainee_Module/install/shm/share/shm/package.xml
[0.623s] DEBUG:colcon.colcon_core.task.python.build:While undoing a previous installation files outside the Python library path are being ignored: /home/meel/Git/AISD_Trainee_Module/install/shm/lib/shm/marker
[0.623s] DEBUG:colcon.colcon_core.task.python.build:While undoing a previous installation files outside the Python library path are being ignored: /home/meel/Git/AISD_Trainee_Module/install/shm/lib/shm/phy
[0.628s] DEBUG:colcon.colcon_core.event_handler.log_command:Invoking command in '/home/meel/Git/AISD_Trainee_Module/build/shm': DEBUGINFOD_URLS=https://debuginfod.ubuntu.com PYTHONPATH=/home/meel/Git/AISD_Trainee_Module/build/shm/prefix_override:/usr/lib/python3/dist-packages/colcon_core/task/python/colcon_distutils_commands:/home/meel/Git/AISD_Trainee_Module/install/shm/lib/python3.10/site-packages:${PYTHONPATH} /usr/bin/python3 -W ignore:setup.py install is deprecated -W ignore:easy_install command is deprecated setup.py develop --editable --build-directory /home/meel/Git/AISD_Trainee_Module/build/shm/build --no-deps symlink_data --force
[0.907s] Level 1:colcon.colcon_core.shell:create_environment_hook('shm', 'pythonpath_develop')
[0.908s] INFO:colcon.colcon_core.shell:Creating environment hook '/home/meel/Git/AISD_Trainee_Module/build/shm/share/shm/hook/pythonpath_develop.ps1'
[0.908s] INFO:colcon.colcon_core.shell:Creating environment descriptor '/home/meel/Git/AISD_Trainee_Module/build/shm/share/shm/hook/pythonpath_develop.dsv'
[0.909s] INFO:colcon.colcon_core.shell:Creating environment hook '/home/meel/Git/AISD_Trainee_Module/build/shm/share/shm/hook/pythonpath_develop.sh'
[0.909s] Level 1:colcon.colcon_core.environment:checking '/home/meel/Git/AISD_Trainee_Module/install/shm' for CMake module files
[0.909s] Level 1:colcon.colcon_core.environment:checking '/home/meel/Git/AISD_Trainee_Module/install/shm' for CMake config files
[0.909s] Level 1:colcon.colcon_core.environment:checking '/home/meel/Git/AISD_Trainee_Module/install/shm/lib'
[0.909s] Level 1:colcon.colcon_core.environment:checking '/home/meel/Git/AISD_Trainee_Module/install/shm/bin'
[0.910s] Level 1:colcon.colcon_core.environment:checking '/home/meel/Git/AISD_Trainee_Module/install/shm/lib/pkgconfig/shm.pc'
[0.910s] Level 1:colcon.colcon_core.environment:checking '/home/meel/Git/AISD_Trainee_Module/install/shm/lib/python3.10/site-packages'
[0.910s] Level 1:colcon.colcon_core.shell:create_environment_hook('shm', 'pythonpath')
[0.910s] INFO:colcon.colcon_core.shell:Creating environment hook '/home/meel/Git/AISD_Trainee_Module/install/shm/share/shm/hook/pythonpath.ps1'
[0.910s] INFO:colcon.colcon_core.shell:Creating environment descriptor '/home/meel/Git/AISD_Trainee_Module/install/shm/share/shm/hook/pythonpath.dsv'
[0.910s] INFO:colcon.colcon_core.shell:Creating environment hook '/home/meel/Git/AISD_Trainee_Module/install/shm/share/shm/hook/pythonpath.sh'
[0.911s] Level 1:colcon.colcon_core.environment:checking '/home/meel/Git/AISD_Trainee_Module/install/shm/bin'
[0.911s] Level 1:colcon.colcon_core.environment:create_environment_scripts_only(shm)
[0.911s] INFO:colcon.colcon_core.shell:Creating package script '/home/meel/Git/AISD_Trainee_Module/install/shm/share/shm/package.ps1'
[0.908s] DEBUG:colcon.colcon_core.event_handler.log_command:Invoked command in '/home/meel/Git/AISD_Trainee_Module/build/shm' returned '0': DEBUGINFOD_URLS=https://debuginfod.ubuntu.com PYTHONPATH=/home/meel/Git/AISD_Trainee_Module/build/shm/prefix_override:/usr/lib/python3/dist-packages/colcon_core/task/python/colcon_distutils_commands:/home/meel/Git/AISD_Trainee_Module/install/shm/lib/python3.10/site-packages:${PYTHONPATH} /usr/bin/python3 -W ignore:setup.py install is deprecated -W ignore:easy_install command is deprecated setup.py develop --editable --build-directory /home/meel/Git/AISD_Trainee_Module/build/shm/build --no-deps symlink_data --force
[0.911s] INFO:colcon.colcon_core.shell:Creating package descriptor '/home/meel/Git/AISD_Trainee_Module/install/shm/share/shm/package.dsv'
[0.911s] INFO:colcon.colcon_core.shell:Creating package script '/home/meel/Git/AISD_Trainee_Module/install/shm/share/shm/package.sh'
[0.912s] INFO:colcon.colcon_core.shell:Creating package script '/home/meel/Git/AISD_Trainee_Module/install/shm/share/shm/package.bash'
[0.912s] INFO:colcon.colcon_core.shell:Creating package script '/home/meel/Git/AISD_Trainee_Module/install/shm/share/shm/package.zsh'
[0.912s] Level 1:colcon.colcon_core.environment:create_file_with_runtime_dependencies(/home/meel/Git/AISD_Trainee_Module/install/shm/share/colcon-core/packages/shm)
[0.913s] DEBUG:colcon.colcon_parallel_executor.executor.parallel:closing loop
[0.913s] DEBUG:colcon.colcon_parallel_executor.executor.parallel:loop closed
[0.913s] DEBUG:colcon.colcon_parallel_executor.executor.parallel:run_until_complete finished with '0'
[0.913s] DEBUG:colcon.colcon_core.event_reactor:joining thread
[0.916s] INFO:colcon.colcon_core.plugin_system:Skipping extension 'colcon_notification.desktop_notification.terminal_notifier': Not used on non-Darwin systems
[0.916s] INFO:colcon.colcon_core.plugin_system:Skipping extension 'colcon_notification.desktop_notification.win32': Not used on non-Windows systems
[0.916s] INFO:colcon.colcon_notification.desktop_notification:Sending desktop notification using 'notify2'
[0.928s] DEBUG:colcon.colcon_core.event_reactor:joined thread
[0.928s] INFO:colcon.colcon_core.shell:Creating prefix script '/home/meel/Git/AISD_Trainee_Module/install/local_setup.ps1'
[0.929s] INFO:colcon.colcon_core.shell:Creating prefix util module '/home/meel/Git/AISD_Trainee_Module/install/_local_setup_util_ps1.py'
[0.929s] INFO:colcon.colcon_core.shell:Creating prefix chain script '/home/meel/Git/AISD_Trainee_Module/install/setup.ps1'
[0.931s] INFO:colcon.colcon_core.shell:Creating prefix script '/home/meel/Git/AISD_Trainee_Module/install/local_setup.sh'
[0.932s] INFO:colcon.colcon_core.shell:Creating prefix util module '/home/meel/Git/AISD_Trainee_Module/install/_local_setup_util_sh.py'
[0.932s] INFO:colcon.colcon_core.shell:Creating prefix chain script '/home/meel/Git/AISD_Trainee_Module/install/setup.sh'
[0.933s] INFO:colcon.colcon_core.shell:Creating prefix script '/home/meel/Git/AISD_Trainee_Module/install/local_setup.bash'
[0.933s] INFO:colcon.colcon_core.shell:Creating prefix chain script '/home/meel/Git/AISD_Trainee_Module/install/setup.bash'
[0.935s] INFO:colcon.colcon_core.shell:Creating prefix script '/home/meel/Git/AISD_Trainee_Module/install/local_setup.zsh'
[0.935s] INFO:colcon.colcon_core.shell:Creating prefix chain script '/home/meel/Git/AISD_Trainee_Module/install/setup.zsh'
