[0.087s] DEBUG:colcon:Command line arguments: ['/usr/bin/colcon', 'build']
[0.088s] DEBUG:colcon:Parsed command line arguments: Namespace(log_base=None, log_level=None, verb_name='build', build_base='build', install_base='install', merge_install=False, symlink_install=False, test_result_base=None, continue_on_error=False, executor='parallel', parallel_workers=16, event_handlers=None, ignore_user_meta=False, metas=['./colcon.meta'], base_paths=['.'], packages_ignore=None, packages_ignore_regex=None, paths=None, packages_up_to=None, packages_up_to_regex=None, packages_above=None, packages_above_and_dependencies=None, packages_above_depth=None, packages_select_by_dep=None, packages_skip_by_dep=None, packages_skip_up_to=None, packages_select_build_failed=False, packages_skip_build_finished=False, packages_select_test_failures=False, packages_skip_test_passed=False, packages_select=None, packages_skip=None, packages_select_regex=None, packages_skip_regex=None, packages_start=None, packages_end=None, allow_overriding=[], cmake_args=None, cmake_target=None, cmake_target_skip_unavailable=False, cmake_clean_cache=False, cmake_clean_first=False, cmake_force_configure=False, ament_cmake_args=None, catkin_cmake_args=None, catkin_skip_building_tests=False, verb_parser=<colcon_defaults.argument_parser.defaults.DefaultArgumentsDecorator object at 0x725c6dbea4d0>, verb_extension=<colcon_core.verb.build.BuildVerb object at 0x725c6dd4bee0>, main=<bound method BuildVerb.main of <colcon_core.verb.build.BuildVerb object at 0x725c6dd4bee0>>)
[0.190s] Level 1:colcon.colcon_core.package_discovery:discover_packages(colcon_meta) check parameters
[0.190s] Level 1:colcon.colcon_core.package_discovery:discover_packages(recursive) check parameters
[0.190s] Level 1:colcon.colcon_core.package_discovery:discover_packages(ignore) check parameters
[0.190s] Level 1:colcon.colcon_core.package_discovery:discover_packages(path) check parameters
[0.190s] Level 1:colcon.colcon_core.package_discovery:discover_packages(colcon_meta) discover
[0.190s] Level 1:colcon.colcon_core.package_discovery:discover_packages(recursive) discover
[0.190s] INFO:colcon.colcon_core.package_discovery:Crawling recursively for packages in '/home/aayush/ros2_ws/src/mass_spring_system/src'
[0.190s] Level 1:colcon.colcon_core.package_identification:_identify(.) by extensions ['ignore', 'ignore_ament_install']
[0.190s] Level 1:colcon.colcon_core.package_identification:_identify(.) by extension 'ignore'
[0.190s] Level 1:colcon.colcon_core.package_identification:_identify(.) by extension 'ignore_ament_install'
[0.190s] Level 1:colcon.colcon_core.package_identification:_identify(.) by extensions ['colcon_pkg']
[0.190s] Level 1:colcon.colcon_core.package_identification:_identify(.) by extension 'colcon_pkg'
[0.190s] Level 1:colcon.colcon_core.package_identification:_identify(.) by extensions ['colcon_meta']
[0.190s] Level 1:colcon.colcon_core.package_identification:_identify(.) by extension 'colcon_meta'
[0.190s] Level 1:colcon.colcon_core.package_identification:_identify(.) by extensions ['ros']
[0.190s] Level 1:colcon.colcon_core.package_identification:_identify(.) by extension 'ros'
[0.215s] Level 1:colcon.colcon_core.package_identification:_identify(.) by extensions ['cmake', 'python']
[0.215s] Level 1:colcon.colcon_core.package_identification:_identify(.) by extension 'cmake'
[0.216s] Level 1:colcon.colcon_core.package_identification:_identify(.) by extension 'python'
[0.216s] Level 1:colcon.colcon_core.package_identification:_identify(.) by extensions ['python_setup_py']
[0.216s] Level 1:colcon.colcon_core.package_identification:_identify(.) by extension 'python_setup_py'
[0.216s] Level 1:colcon.colcon_core.package_identification:_identify(build) by extensions ['ignore', 'ignore_ament_install']
[0.216s] Level 1:colcon.colcon_core.package_identification:_identify(build) by extension 'ignore'
[0.216s] Level 1:colcon.colcon_core.package_identification:_identify(build) ignored
[0.216s] Level 1:colcon.colcon_core.package_identification:_identify(install) by extensions ['ignore', 'ignore_ament_install']
[0.216s] Level 1:colcon.colcon_core.package_identification:_identify(install) by extension 'ignore'
[0.216s] Level 1:colcon.colcon_core.package_identification:_identify(install) ignored
[0.216s] Level 1:colcon.colcon_core.package_identification:_identify(log) by extensions ['ignore', 'ignore_ament_install']
[0.216s] Level 1:colcon.colcon_core.package_identification:_identify(log) by extension 'ignore'
[0.216s] Level 1:colcon.colcon_core.package_identification:_identify(log) ignored
[0.216s] Level 1:colcon.colcon_core.package_discovery:discover_packages(recursive) using defaults
[0.216s] Level 1:colcon.colcon_core.package_discovery:discover_packages(ignore) discover
[0.216s] Level 1:colcon.colcon_core.package_discovery:discover_packages(ignore) using defaults
[0.216s] Level 1:colcon.colcon_core.package_discovery:discover_packages(path) discover
[0.216s] Level 1:colcon.colcon_core.package_discovery:discover_packages(path) using defaults
[0.232s] Level 1:colcon.colcon_core.package_discovery:discover_packages(prefix_path) check parameters
[0.232s] Level 1:colcon.colcon_core.package_discovery:discover_packages(prefix_path) discover
[0.233s] WARNING:colcon.colcon_ros.prefix_path.ament:The path '/home/aayush/ros2_ws/install/turtlesim' in the environment variable AMENT_PREFIX_PATH doesn't exist
[0.233s] WARNING:colcon.colcon_ros.prefix_path.ament:The path '/home/aayush/ros2_ws/install/handshake' in the environment variable AMENT_PREFIX_PATH doesn't exist
[0.233s] WARNING:colcon.colcon_ros.prefix_path.ament:The path '/home/aayush/ros2_ws/install/examples_rclcpp_wait_set' in the environment variable AMENT_PREFIX_PATH doesn't exist
[0.233s] WARNING:colcon.colcon_ros.prefix_path.ament:The path '/home/aayush/ros2_ws/install/examples_rclcpp_multithreaded_executor' in the environment variable AMENT_PREFIX_PATH doesn't exist
[0.233s] WARNING:colcon.colcon_ros.prefix_path.ament:The path '/home/aayush/ros2_ws/install/examples_rclcpp_minimal_subscriber' in the environment variable AMENT_PREFIX_PATH doesn't exist
[0.233s] WARNING:colcon.colcon_ros.prefix_path.ament:The path '/home/aayush/ros2_ws/install/examples_rclcpp_minimal_composition' in the environment variable AMENT_PREFIX_PATH doesn't exist
[0.233s] WARNING:colcon.colcon_ros.prefix_path.ament:The path '/home/aayush/ros2_ws/install/examples_rclcpp_cbg_executor' in the environment variable AMENT_PREFIX_PATH doesn't exist
[0.234s] WARNING:colcon.colcon_ros.prefix_path.catkin:The path '/home/aayush/ros2_ws/install/turtlesim' in the environment variable CMAKE_PREFIX_PATH doesn't exist
[0.234s] WARNING:colcon.colcon_ros.prefix_path.catkin:The path '/home/aayush/ros2_ws/install/handshake' in the environment variable CMAKE_PREFIX_PATH doesn't exist
[0.234s] WARNING:colcon.colcon_ros.prefix_path.catkin:The path '/home/aayush/ros2_ws/install/examples_rclcpp_wait_set' in the environment variable CMAKE_PREFIX_PATH doesn't exist
[0.234s] WARNING:colcon.colcon_ros.prefix_path.catkin:The path '/home/aayush/ros2_ws/install/examples_rclcpp_multithreaded_executor' in the environment variable CMAKE_PREFIX_PATH doesn't exist
[0.234s] WARNING:colcon.colcon_ros.prefix_path.catkin:The path '/home/aayush/ros2_ws/install/examples_rclcpp_minimal_subscriber' in the environment variable CMAKE_PREFIX_PATH doesn't exist
[0.234s] WARNING:colcon.colcon_ros.prefix_path.catkin:The path '/home/aayush/ros2_ws/install/examples_rclcpp_minimal_composition' in the environment variable CMAKE_PREFIX_PATH doesn't exist
[0.234s] WARNING:colcon.colcon_ros.prefix_path.catkin:The path '/home/aayush/ros2_ws/install/examples_rclcpp_cbg_executor' in the environment variable CMAKE_PREFIX_PATH doesn't exist
[0.234s] DEBUG:colcon.colcon_installed_package_information.package_discovery:Found 18 installed packages in /home/aayush/ros2_ws/install
[0.235s] DEBUG:colcon.colcon_installed_package_information.package_discovery:Found 322 installed packages in /opt/ros/humble
[0.237s] Level 1:colcon.colcon_core.package_discovery:discover_packages(prefix_path) using defaults
[0.261s] INFO:colcon.colcon_core.executor:Executing jobs using 'parallel' executor
[0.262s] DEBUG:colcon.colcon_parallel_executor.executor.parallel:run_until_complete
[0.262s] DEBUG:colcon.colcon_parallel_executor.executor.parallel:closing loop
[0.262s] DEBUG:colcon.colcon_parallel_executor.executor.parallel:loop closed
[0.262s] DEBUG:colcon.colcon_parallel_executor.executor.parallel:run_until_complete finished with '0'
[0.262s] DEBUG:colcon.colcon_core.event_reactor:joining thread
[0.266s] INFO:colcon.colcon_core.plugin_system:Skipping extension 'colcon_notification.desktop_notification.terminal_notifier': Not used on non-Darwin systems
[0.266s] INFO:colcon.colcon_core.plugin_system:Skipping extension 'colcon_notification.desktop_notification.win32': Not used on non-Windows systems
[0.266s] INFO:colcon.colcon_notification.desktop_notification:Sending desktop notification using 'notify2'
[0.274s] DEBUG:colcon.colcon_core.event_reactor:joined thread
[0.277s] INFO:colcon.colcon_core.plugin_system:Skipping extension 'colcon_core.shell.bat': Not used on non-Windows systems
[0.277s] INFO:colcon.colcon_core.shell:Creating prefix script '/home/aayush/ros2_ws/src/mass_spring_system/src/install/local_setup.ps1'
[0.277s] INFO:colcon.colcon_core.shell:Creating prefix util module '/home/aayush/ros2_ws/src/mass_spring_system/src/install/_local_setup_util_ps1.py'
[0.278s] INFO:colcon.colcon_core.shell:Creating prefix chain script '/home/aayush/ros2_ws/src/mass_spring_system/src/install/setup.ps1'
[0.279s] INFO:colcon.colcon_core.shell:Creating prefix script '/home/aayush/ros2_ws/src/mass_spring_system/src/install/local_setup.sh'
[0.279s] INFO:colcon.colcon_core.shell:Creating prefix util module '/home/aayush/ros2_ws/src/mass_spring_system/src/install/_local_setup_util_sh.py'
[0.280s] INFO:colcon.colcon_core.shell:Creating prefix chain script '/home/aayush/ros2_ws/src/mass_spring_system/src/install/setup.sh'
[0.280s] INFO:colcon.colcon_core.shell:Creating prefix script '/home/aayush/ros2_ws/src/mass_spring_system/src/install/local_setup.bash'
[0.281s] INFO:colcon.colcon_core.shell:Creating prefix chain script '/home/aayush/ros2_ws/src/mass_spring_system/src/install/setup.bash'
[0.281s] INFO:colcon.colcon_core.shell:Creating prefix script '/home/aayush/ros2_ws/src/mass_spring_system/src/install/local_setup.zsh'
[0.282s] INFO:colcon.colcon_core.shell:Creating prefix chain script '/home/aayush/ros2_ws/src/mass_spring_system/src/install/setup.zsh'
