[0.010s] Invoking command in '/home/meel/Git/AISD_Trainee_Module/build/my_robot_description': CMAKE_PREFIX_PATH=/opt/ros/humble DEBUGINFOD_URLS=https://debuginfod.ubuntu.com /usr/bin/cmake /home/meel/Git/AISD_Trainee_Module/src/my_robot_description -DAMENT_CMAKE_SYMLINK_INSTALL=1 -DCMAKE_INSTALL_PREFIX=/home/meel/Git/AISD_Trainee_Module/install/my_robot_description
[0.081s] -- The C compiler identification is GNU 11.4.0
[0.136s] -- The CXX compiler identification is GNU 11.4.0
[0.146s] -- Detecting C compiler ABI info
[0.199s] -- Detecting C compiler ABI info - done
[0.204s] -- Check for working C compiler: /usr/bin/cc - skipped
[0.272s] -- Detecting C compile features
[0.273s] -- Detecting C compile features - done
[0.277s] -- Detecting CXX compiler ABI info
[0.341s] -- Detecting CXX compiler ABI info - done
[0.348s] -- Check for working CXX compiler: /usr/bin/c++ - skipped
[0.348s] -- Detecting CXX compile features
[0.348s] -- Detecting CXX compile features - done
[0.402s] -- Found ament_cmake: 1.3.12 (/opt/ros/humble/share/ament_cmake/cmake)
[0.510s] -- Found Python3: /usr/bin/python3 (found version "3.10.12") found components: Interpreter 
[0.565s] -- Override CMake install command with custom implementation using symlinks instead of copying resources
[0.589s] -- Found ament_lint_auto: 0.12.14 (/opt/ros/humble/share/ament_lint_auto/cmake)
[0.657s] -- Added test 'lint_cmake' to check CMake code style
[0.658s] -- Added test 'xmllint' to check XML markup files
[0.659s] -- Configuring done
[0.661s] -- Generating done
[0.661s] -- Build files have been written to: /home/meel/Git/AISD_Trainee_Module/build/my_robot_description
[0.664s] Invoked command in '/home/meel/Git/AISD_Trainee_Module/build/my_robot_description' returned '0': CMAKE_PREFIX_PATH=/opt/ros/humble DEBUGINFOD_URLS=https://debuginfod.ubuntu.com /usr/bin/cmake /home/meel/Git/AISD_Trainee_Module/src/my_robot_description -DAMENT_CMAKE_SYMLINK_INSTALL=1 -DCMAKE_INSTALL_PREFIX=/home/meel/Git/AISD_Trainee_Module/install/my_robot_description
[0.665s] Invoking command in '/home/meel/Git/AISD_Trainee_Module/build/my_robot_description': CMAKE_PREFIX_PATH=/opt/ros/humble DEBUGINFOD_URLS=https://debuginfod.ubuntu.com /usr/bin/cmake --build /home/meel/Git/AISD_Trainee_Module/build/my_robot_description -- -j24 -l24
[0.692s] Invoked command in '/home/meel/Git/AISD_Trainee_Module/build/my_robot_description' returned '0': CMAKE_PREFIX_PATH=/opt/ros/humble DEBUGINFOD_URLS=https://debuginfod.ubuntu.com /usr/bin/cmake --build /home/meel/Git/AISD_Trainee_Module/build/my_robot_description -- -j24 -l24
[0.698s] Invoking command in '/home/meel/Git/AISD_Trainee_Module/build/my_robot_description': CMAKE_PREFIX_PATH=/opt/ros/humble DEBUGINFOD_URLS=https://debuginfod.ubuntu.com /usr/bin/cmake --install /home/meel/Git/AISD_Trainee_Module/build/my_robot_description
[0.701s] -- Install configuration: ""
[0.702s] -- Execute custom install script
[0.702s] -- Symlinking: /home/meel/Git/AISD_Trainee_Module/install/my_robot_description/share/ament_index/resource_index/package_run_dependencies/my_robot_description
[0.707s] -- Symlinking: /home/meel/Git/AISD_Trainee_Module/install/my_robot_description/share/ament_index/resource_index/parent_prefix_path/my_robot_description
[0.711s] -- Symlinking: /home/meel/Git/AISD_Trainee_Module/install/my_robot_description/share/my_robot_description/environment/ament_prefix_path.sh
[0.718s] -- Symlinking: /home/meel/Git/AISD_Trainee_Module/install/my_robot_description/share/my_robot_description/environment/ament_prefix_path.dsv
[0.724s] -- Symlinking: /home/meel/Git/AISD_Trainee_Module/install/my_robot_description/share/my_robot_description/environment/path.sh
[0.729s] -- Symlinking: /home/meel/Git/AISD_Trainee_Module/install/my_robot_description/share/my_robot_description/environment/path.dsv
[0.734s] -- Symlinking: /home/meel/Git/AISD_Trainee_Module/install/my_robot_description/share/my_robot_description/local_setup.bash
[0.741s] -- Symlinking: /home/meel/Git/AISD_Trainee_Module/install/my_robot_description/share/my_robot_description/local_setup.sh
[0.751s] -- Symlinking: /home/meel/Git/AISD_Trainee_Module/install/my_robot_description/share/my_robot_description/local_setup.zsh
[0.760s] -- Symlinking: /home/meel/Git/AISD_Trainee_Module/install/my_robot_description/share/my_robot_description/local_setup.dsv
[0.766s] -- Symlinking: /home/meel/Git/AISD_Trainee_Module/install/my_robot_description/share/my_robot_description/package.dsv
[0.772s] -- Symlinking: /home/meel/Git/AISD_Trainee_Module/install/my_robot_description/share/ament_index/resource_index/packages/my_robot_description
[0.777s] -- Symlinking: /home/meel/Git/AISD_Trainee_Module/install/my_robot_description/share/my_robot_description/cmake/my_robot_descriptionConfig.cmake
[0.784s] -- Symlinking: /home/meel/Git/AISD_Trainee_Module/install/my_robot_description/share/my_robot_description/cmake/my_robot_descriptionConfig-version.cmake
[0.791s] -- Symlinking: /home/meel/Git/AISD_Trainee_Module/install/my_robot_description/share/my_robot_description/package.xml
[0.797s] Invoked command in '/home/meel/Git/AISD_Trainee_Module/build/my_robot_description' returned '0': CMAKE_PREFIX_PATH=/opt/ros/humble DEBUGINFOD_URLS=https://debuginfod.ubuntu.com /usr/bin/cmake --install /home/meel/Git/AISD_Trainee_Module/build/my_robot_description
