[0.059s] DEBUG:colcon:Command line arguments: ['/usr/bin/colcon', 'build', '--packages-select', 'shm']
[0.059s] DEBUG:colcon:Parsed command line arguments: Namespace(log_base=None, log_level=None, verb_name='build', build_base='build', install_base='install', merge_install=False, symlink_install=False, test_result_base=None, continue_on_error=False, executor='parallel', parallel_workers=24, event_handlers=None, ignore_user_meta=False, metas=['./colcon.meta'], base_paths=['.'], packages_ignore=None, packages_ignore_regex=None, paths=None, packages_up_to=None, packages_up_to_regex=None, packages_above=None, packages_above_and_dependencies=None, packages_above_depth=None, packages_select_by_dep=None, packages_skip_by_dep=None, packages_skip_up_to=None, packages_select_build_failed=False, packages_skip_build_finished=False, packages_select_test_failures=False, packages_skip_test_passed=False, packages_select=['shm'], packages_skip=None, packages_select_regex=None, packages_skip_regex=None, packages_start=None, packages_end=None, allow_overriding=[], cmake_args=None, cmake_target=None, cmake_target_skip_unavailable=False, cmake_clean_cache=False, cmake_clean_first=False, cmake_force_configure=False, ament_cmake_args=None, catkin_cmake_args=None, catkin_skip_building_tests=False, mixin_files=None, mixin=None, verb_parser=<colcon_mixin.mixin.mixin_argument.MixinArgumentDecorator object at 0x76fe5bc6e5c0>, verb_extension=<colcon_core.verb.build.BuildVerb object at 0x76fe5bc6df00>, main=<bound method BuildVerb.main of <colcon_core.verb.build.BuildVerb object at 0x76fe5bc6df00>>, mixin_verb=('build',))
[0.286s] Level 1:colcon.colcon_core.package_discovery:discover_packages(colcon_meta) check parameters
[0.286s] Level 1:colcon.colcon_core.package_discovery:discover_packages(recursive) check parameters
[0.286s] Level 1:colcon.colcon_core.package_discovery:discover_packages(ignore) check parameters
[0.286s] Level 1:colcon.colcon_core.package_discovery:discover_packages(path) check parameters
[0.286s] Level 1:colcon.colcon_core.package_discovery:discover_packages(colcon_meta) discover
[0.286s] Level 1:colcon.colcon_core.package_discovery:discover_packages(recursive) discover
[0.286s] INFO:colcon.colcon_core.package_discovery:Crawling recursively for packages in '/home/meel/Git/AISD_Trainee_Module'
[0.286s] Level 1:colcon.colcon_core.package_identification:_identify(.) by extensions ['ignore', 'ignore_ament_install']
[0.286s] Level 1:colcon.colcon_core.package_identification:_identify(.) by extension 'ignore'
[0.286s] Level 1:colcon.colcon_core.package_identification:_identify(.) by extension 'ignore_ament_install'
[0.286s] Level 1:colcon.colcon_core.package_identification:_identify(.) by extensions ['colcon_pkg']
[0.286s] Level 1:colcon.colcon_core.package_identification:_identify(.) by extension 'colcon_pkg'
[0.286s] Level 1:colcon.colcon_core.package_identification:_identify(.) by extensions ['colcon_meta']
[0.286s] Level 1:colcon.colcon_core.package_identification:_identify(.) by extension 'colcon_meta'
[0.286s] Level 1:colcon.colcon_core.package_identification:_identify(.) by extensions ['ros']
[0.286s] Level 1:colcon.colcon_core.package_identification:_identify(.) by extension 'ros'
[0.291s] Level 1:colcon.colcon_core.package_identification:_identify(.) by extensions ['cmake', 'python']
[0.291s] Level 1:colcon.colcon_core.package_identification:_identify(.) by extension 'cmake'
[0.291s] Level 1:colcon.colcon_core.package_identification:_identify(.) by extension 'python'
[0.291s] Level 1:colcon.colcon_core.package_identification:_identify(.) by extensions ['python_setup_py']
[0.291s] Level 1:colcon.colcon_core.package_identification:_identify(.) by extension 'python_setup_py'
[0.291s] Level 1:colcon.colcon_core.package_identification:_identify(build) by extensions ['ignore', 'ignore_ament_install']
[0.291s] Level 1:colcon.colcon_core.package_identification:_identify(build) by extension 'ignore'
[0.291s] Level 1:colcon.colcon_core.package_identification:_identify(build) ignored
[0.291s] Level 1:colcon.colcon_core.package_identification:_identify(install) by extensions ['ignore', 'ignore_ament_install']
[0.291s] Level 1:colcon.colcon_core.package_identification:_identify(install) by extension 'ignore'
[0.291s] Level 1:colcon.colcon_core.package_identification:_identify(install) ignored
[0.291s] Level 1:colcon.colcon_core.package_identification:_identify(log) by extensions ['ignore', 'ignore_ament_install']
[0.291s] Level 1:colcon.colcon_core.package_identification:_identify(log) by extension 'ignore'
[0.291s] Level 1:colcon.colcon_core.package_identification:_identify(log) ignored
[0.291s] Level 1:colcon.colcon_core.package_identification:_identify(src) by extensions ['ignore', 'ignore_ament_install']
[0.291s] Level 1:colcon.colcon_core.package_identification:_identify(src) by extension 'ignore'
[0.291s] Level 1:colcon.colcon_core.package_identification:_identify(src) by extension 'ignore_ament_install'
[0.291s] Level 1:colcon.colcon_core.package_identification:_identify(src) by extensions ['colcon_pkg']
[0.291s] Level 1:colcon.colcon_core.package_identification:_identify(src) by extension 'colcon_pkg'
[0.291s] Level 1:colcon.colcon_core.package_identification:_identify(src) by extensions ['colcon_meta']
[0.291s] Level 1:colcon.colcon_core.package_identification:_identify(src) by extension 'colcon_meta'
[0.292s] Level 1:colcon.colcon_core.package_identification:_identify(src) by extensions ['ros']
[0.292s] Level 1:colcon.colcon_core.package_identification:_identify(src) by extension 'ros'
[0.292s] Level 1:colcon.colcon_core.package_identification:_identify(src) by extensions ['cmake', 'python']
[0.292s] Level 1:colcon.colcon_core.package_identification:_identify(src) by extension 'cmake'
[0.292s] Level 1:colcon.colcon_core.package_identification:_identify(src) by extension 'python'
[0.292s] Level 1:colcon.colcon_core.package_identification:_identify(src) by extensions ['python_setup_py']
[0.292s] Level 1:colcon.colcon_core.package_identification:_identify(src) by extension 'python_setup_py'
[0.292s] Level 1:colcon.colcon_core.package_identification:_identify(src/my_robot_description) by extensions ['ignore', 'ignore_ament_install']
[0.292s] Level 1:colcon.colcon_core.package_identification:_identify(src/my_robot_description) by extension 'ignore'
[0.292s] Level 1:colcon.colcon_core.package_identification:_identify(src/my_robot_description) by extension 'ignore_ament_install'
[0.292s] Level 1:colcon.colcon_core.package_identification:_identify(src/my_robot_description) by extensions ['colcon_pkg']
[0.292s] Level 1:colcon.colcon_core.package_identification:_identify(src/my_robot_description) by extension 'colcon_pkg'
[0.292s] Level 1:colcon.colcon_core.package_identification:_identify(src/my_robot_description) by extensions ['colcon_meta']
[0.292s] Level 1:colcon.colcon_core.package_identification:_identify(src/my_robot_description) by extension 'colcon_meta'
[0.292s] Level 1:colcon.colcon_core.package_identification:_identify(src/my_robot_description) by extensions ['ros']
[0.292s] Level 1:colcon.colcon_core.package_identification:_identify(src/my_robot_description) by extension 'ros'
[0.293s] DEBUG:colcon.colcon_core.package_identification:Package 'src/my_robot_description' with type 'ros.ament_cmake' and name 'my_robot_description'
[0.293s] Level 1:colcon.colcon_core.package_identification:_identify(src/shm) by extensions ['ignore', 'ignore_ament_install']
[0.293s] Level 1:colcon.colcon_core.package_identification:_identify(src/shm) by extension 'ignore'
[0.294s] Level 1:colcon.colcon_core.package_identification:_identify(src/shm) by extension 'ignore_ament_install'
[0.294s] Level 1:colcon.colcon_core.package_identification:_identify(src/shm) by extensions ['colcon_pkg']
[0.294s] Level 1:colcon.colcon_core.package_identification:_identify(src/shm) by extension 'colcon_pkg'
[0.294s] Level 1:colcon.colcon_core.package_identification:_identify(src/shm) by extensions ['colcon_meta']
[0.294s] Level 1:colcon.colcon_core.package_identification:_identify(src/shm) by extension 'colcon_meta'
[0.294s] Level 1:colcon.colcon_core.package_identification:_identify(src/shm) by extensions ['ros']
[0.294s] Level 1:colcon.colcon_core.package_identification:_identify(src/shm) by extension 'ros'
[0.294s] DEBUG:colcon.colcon_core.package_identification:Package 'src/shm' with type 'ros.ament_python' and name 'shm'
[0.294s] Level 1:colcon.colcon_core.package_discovery:discover_packages(recursive) using defaults
[0.294s] Level 1:colcon.colcon_core.package_discovery:discover_packages(ignore) discover
[0.294s] Level 1:colcon.colcon_core.package_discovery:discover_packages(ignore) using defaults
[0.294s] Level 1:colcon.colcon_core.package_discovery:discover_packages(path) discover
[0.294s] Level 1:colcon.colcon_core.package_discovery:discover_packages(path) using defaults
[0.316s] INFO:colcon.colcon_core.package_selection:Skipping not selected package 'my_robot_description' in 'src/my_robot_description'
[0.316s] Level 1:colcon.colcon_core.package_discovery:discover_packages(prefix_path) check parameters
[0.317s] Level 1:colcon.colcon_core.package_discovery:discover_packages(prefix_path) discover
[0.318s] DEBUG:colcon.colcon_installed_package_information.package_discovery:Found 324 installed packages in /opt/ros/humble
[0.319s] Level 1:colcon.colcon_core.package_discovery:discover_packages(prefix_path) using defaults
[0.336s] Level 5:colcon.colcon_core.verb:set package 'shm' build argument 'cmake_args' from command line to 'None'
[0.336s] Level 5:colcon.colcon_core.verb:set package 'shm' build argument 'cmake_target' from command line to 'None'
[0.336s] Level 5:colcon.colcon_core.verb:set package 'shm' build argument 'cmake_target_skip_unavailable' from command line to 'False'
[0.336s] Level 5:colcon.colcon_core.verb:set package 'shm' build argument 'cmake_clean_cache' from command line to 'False'
[0.336s] Level 5:colcon.colcon_core.verb:set package 'shm' build argument 'cmake_clean_first' from command line to 'False'
[0.336s] Level 5:colcon.colcon_core.verb:set package 'shm' build argument 'cmake_force_configure' from command line to 'False'
[0.336s] Level 5:colcon.colcon_core.verb:set package 'shm' build argument 'ament_cmake_args' from command line to 'None'
[0.336s] Level 5:colcon.colcon_core.verb:set package 'shm' build argument 'catkin_cmake_args' from command line to 'None'
[0.336s] Level 5:colcon.colcon_core.verb:set package 'shm' build argument 'catkin_skip_building_tests' from command line to 'False'
[0.336s] DEBUG:colcon.colcon_core.verb:Building package 'shm' with the following arguments: {'ament_cmake_args': None, 'build_base': '/home/meel/Git/AISD_Trainee_Module/build/shm', 'catkin_cmake_args': None, 'catkin_skip_building_tests': False, 'cmake_args': None, 'cmake_clean_cache': False, 'cmake_clean_first': False, 'cmake_force_configure': False, 'cmake_target': None, 'cmake_target_skip_unavailable': False, 'install_base': '/home/meel/Git/AISD_Trainee_Module/install/shm', 'merge_install': False, 'path': '/home/meel/Git/AISD_Trainee_Module/src/shm', 'symlink_install': False, 'test_result_base': None}
[0.336s] INFO:colcon.colcon_core.executor:Executing jobs using 'parallel' executor
[0.337s] DEBUG:colcon.colcon_parallel_executor.executor.parallel:run_until_complete
[0.337s] INFO:colcon.colcon_ros.task.ament_python.build:Building ROS package in '/home/meel/Git/AISD_Trainee_Module/src/shm' with build type 'ament_python'
[0.337s] Level 1:colcon.colcon_core.shell:create_environment_hook('shm', 'ament_prefix_path')
[0.372s] INFO:colcon.colcon_core.plugin_system:Skipping extension 'colcon_core.shell.bat': Not used on non-Windows systems
[0.373s] INFO:colcon.colcon_core.shell:Creating environment hook '/home/meel/Git/AISD_Trainee_Module/install/shm/share/shm/hook/ament_prefix_path.ps1'
[0.373s] INFO:colcon.colcon_core.shell:Creating environment descriptor '/home/meel/Git/AISD_Trainee_Module/install/shm/share/shm/hook/ament_prefix_path.dsv'
[0.373s] INFO:colcon.colcon_core.shell:Creating environment hook '/home/meel/Git/AISD_Trainee_Module/install/shm/share/shm/hook/ament_prefix_path.sh'
[0.374s] INFO:colcon.colcon_core.shell:Skip shell extension 'powershell' for command environment: Not usable outside of PowerShell
[0.374s] DEBUG:colcon.colcon_core.shell:Skip shell extension 'dsv' for command environment
[0.501s] INFO:colcon.colcon_core.task.python.build:Building Python package in '/home/meel/Git/AISD_Trainee_Module/src/shm'
[0.501s] INFO:colcon.colcon_core.shell:Skip shell extension 'powershell' for command environment: Not usable outside of PowerShell
[0.501s] DEBUG:colcon.colcon_core.shell:Skip shell extension 'dsv' for command environment
[0.724s] DEBUG:colcon.colcon_core.event_handler.log_command:Invoking command in '/home/meel/Git/AISD_Trainee_Module/src/shm': DEBUGINFOD_URLS=https://debuginfod.ubuntu.com PYTHONPATH=/home/meel/Git/AISD_Trainee_Module/build/shm/prefix_override:/usr/lib/python3/dist-packages/colcon_core/task/python/colcon_distutils_commands:/home/meel/Git/AISD_Trainee_Module/install/shm/lib/python3.10/site-packages:${PYTHONPATH} /usr/bin/python3 -W ignore:setup.py install is deprecated -W ignore:easy_install command is deprecated setup.py egg_info --egg-base ../../build/shm build --build-base /home/meel/Git/AISD_Trainee_Module/build/shm/build install --record /home/meel/Git/AISD_Trainee_Module/build/shm/install.log --single-version-externally-managed install_data
[0.838s] DEBUG:colcon.colcon_core.event_handler.log_command:Invoked command in '/home/meel/Git/AISD_Trainee_Module/src/shm' returned '0': DEBUGINFOD_URLS=https://debuginfod.ubuntu.com PYTHONPATH=/home/meel/Git/AISD_Trainee_Module/build/shm/prefix_override:/usr/lib/python3/dist-packages/colcon_core/task/python/colcon_distutils_commands:/home/meel/Git/AISD_Trainee_Module/install/shm/lib/python3.10/site-packages:${PYTHONPATH} /usr/bin/python3 -W ignore:setup.py install is deprecated -W ignore:easy_install command is deprecated setup.py egg_info --egg-base ../../build/shm build --build-base /home/meel/Git/AISD_Trainee_Module/build/shm/build install --record /home/meel/Git/AISD_Trainee_Module/build/shm/install.log --single-version-externally-managed install_data
[0.840s] Level 1:colcon.colcon_core.environment:checking '/home/meel/Git/AISD_Trainee_Module/install/shm' for CMake module files
[0.840s] Level 1:colcon.colcon_core.environment:checking '/home/meel/Git/AISD_Trainee_Module/install/shm' for CMake config files
[0.840s] Level 1:colcon.colcon_core.environment:checking '/home/meel/Git/AISD_Trainee_Module/install/shm/lib'
[0.840s] Level 1:colcon.colcon_core.environment:checking '/home/meel/Git/AISD_Trainee_Module/install/shm/bin'
[0.841s] Level 1:colcon.colcon_core.environment:checking '/home/meel/Git/AISD_Trainee_Module/install/shm/lib/pkgconfig/shm.pc'
[0.841s] Level 1:colcon.colcon_core.environment:checking '/home/meel/Git/AISD_Trainee_Module/install/shm/lib/python3.10/site-packages'
[0.841s] Level 1:colcon.colcon_core.shell:create_environment_hook('shm', 'pythonpath')
[0.841s] INFO:colcon.colcon_core.shell:Creating environment hook '/home/meel/Git/AISD_Trainee_Module/install/shm/share/shm/hook/pythonpath.ps1'
[0.841s] INFO:colcon.colcon_core.shell:Creating environment descriptor '/home/meel/Git/AISD_Trainee_Module/install/shm/share/shm/hook/pythonpath.dsv'
[0.841s] INFO:colcon.colcon_core.shell:Creating environment hook '/home/meel/Git/AISD_Trainee_Module/install/shm/share/shm/hook/pythonpath.sh'
[0.841s] Level 1:colcon.colcon_core.environment:checking '/home/meel/Git/AISD_Trainee_Module/install/shm/bin'
[0.841s] Level 1:colcon.colcon_core.environment:create_environment_scripts_only(shm)
[0.841s] INFO:colcon.colcon_core.shell:Creating package script '/home/meel/Git/AISD_Trainee_Module/install/shm/share/shm/package.ps1'
[0.842s] INFO:colcon.colcon_core.shell:Creating package descriptor '/home/meel/Git/AISD_Trainee_Module/install/shm/share/shm/package.dsv'
[0.842s] INFO:colcon.colcon_core.shell:Creating package script '/home/meel/Git/AISD_Trainee_Module/install/shm/share/shm/package.sh'
[0.842s] INFO:colcon.colcon_core.shell:Creating package script '/home/meel/Git/AISD_Trainee_Module/install/shm/share/shm/package.bash'
[0.843s] INFO:colcon.colcon_core.shell:Creating package script '/home/meel/Git/AISD_Trainee_Module/install/shm/share/shm/package.zsh'
[0.843s] Level 1:colcon.colcon_core.environment:create_file_with_runtime_dependencies(/home/meel/Git/AISD_Trainee_Module/install/shm/share/colcon-core/packages/shm)
[0.843s] DEBUG:colcon.colcon_parallel_executor.executor.parallel:closing loop
[0.843s] DEBUG:colcon.colcon_parallel_executor.executor.parallel:loop closed
[0.843s] DEBUG:colcon.colcon_parallel_executor.executor.parallel:run_until_complete finished with '0'
[0.844s] DEBUG:colcon.colcon_core.event_reactor:joining thread
[0.846s] INFO:colcon.colcon_core.plugin_system:Skipping extension 'colcon_notification.desktop_notification.terminal_notifier': Not used on non-Darwin systems
[0.846s] INFO:colcon.colcon_core.plugin_system:Skipping extension 'colcon_notification.desktop_notification.win32': Not used on non-Windows systems
[0.846s] INFO:colcon.colcon_notification.desktop_notification:Sending desktop notification using 'notify2'
[0.852s] DEBUG:colcon.colcon_core.event_reactor:joined thread
[0.852s] INFO:colcon.colcon_core.shell:Creating prefix script '/home/meel/Git/AISD_Trainee_Module/install/local_setup.ps1'
[0.853s] INFO:colcon.colcon_core.shell:Creating prefix util module '/home/meel/Git/AISD_Trainee_Module/install/_local_setup_util_ps1.py'
[0.855s] INFO:colcon.colcon_core.shell:Creating prefix chain script '/home/meel/Git/AISD_Trainee_Module/install/setup.ps1'
[0.856s] INFO:colcon.colcon_core.shell:Creating prefix script '/home/meel/Git/AISD_Trainee_Module/install/local_setup.sh'
[0.856s] INFO:colcon.colcon_core.shell:Creating prefix util module '/home/meel/Git/AISD_Trainee_Module/install/_local_setup_util_sh.py'
[0.856s] INFO:colcon.colcon_core.shell:Creating prefix chain script '/home/meel/Git/AISD_Trainee_Module/install/setup.sh'
[0.857s] INFO:colcon.colcon_core.shell:Creating prefix script '/home/meel/Git/AISD_Trainee_Module/install/local_setup.bash'
[0.858s] INFO:colcon.colcon_core.shell:Creating prefix chain script '/home/meel/Git/AISD_Trainee_Module/install/setup.bash'
[0.859s] INFO:colcon.colcon_core.shell:Creating prefix script '/home/meel/Git/AISD_Trainee_Module/install/local_setup.zsh'
[0.859s] INFO:colcon.colcon_core.shell:Creating prefix chain script '/home/meel/Git/AISD_Trainee_Module/install/setup.zsh'
