[0.007s] Invoking command in '/home/poochandi/ros2_ws/src/build/spring_system': CMAKE_PREFIX_PATH=/opt/ros/humble /usr/bin/cmake /home/poochandi/ros2_ws/src/spring_system -DCMAKE_INSTALL_PREFIX=/home/poochandi/ros2_ws/src/install/spring_system
[0.078s] -- The C compiler identification is GNU 11.4.0
[0.132s] -- The CXX compiler identification is GNU 11.4.0
[0.139s] -- Detecting C compiler ABI info
[0.201s] -- Detecting C compiler ABI info - done
[0.206s] -- Check for working C compiler: /usr/bin/cc - skipped
[0.207s] -- Detecting C compile features
[0.207s] -- Detecting C compile features - done
[0.209s] -- Detecting CXX compiler ABI info
[0.267s] -- Detecting CXX compiler ABI info - done
[0.273s] -- Check for working CXX compiler: /usr/bin/c++ - skipped
[0.273s] -- Detecting CXX compile features
[0.273s] -- Detecting CXX compile features - done
[0.275s] -- Found ament_cmake: 1.3.12 (/opt/ros/humble/share/ament_cmake/cmake)
[0.374s] -- Found Python3: /usr/bin/python3 (found version "3.10.12") found components: Interpreter 
[0.445s] -- Found rclcpp: 16.0.17 (/opt/ros/humble/share/rclcpp/cmake)
[0.476s] -- Found rosidl_generator_c: 3.1.8 (/opt/ros/humble/share/rosidl_generator_c/cmake)
[0.479s] -- Found rosidl_adapter: 3.1.8 (/opt/ros/humble/share/rosidl_adapter/cmake)
[0.484s] -- Found rosidl_generator_cpp: 3.1.8 (/opt/ros/humble/share/rosidl_generator_cpp/cmake)
[0.492s] -- Using all available rosidl_typesupport_c: rosidl_typesupport_fastrtps_c;rosidl_typesupport_introspection_c
[0.502s] -- Using all available rosidl_typesupport_cpp: rosidl_typesupport_fastrtps_cpp;rosidl_typesupport_introspection_cpp
[0.530s] -- Found rmw_implementation_cmake: 6.1.2 (/opt/ros/humble/share/rmw_implementation_cmake/cmake)
[0.532s] -- Found rmw_fastrtps_cpp: 6.2.9 (/opt/ros/humble/share/rmw_fastrtps_cpp/cmake)
[0.600s] -- Found OpenSSL: /usr/lib/x86_64-linux-gnu/libcrypto.so (found version "3.0.2")  
[0.616s] -- Found FastRTPS: /opt/ros/humble/include  
[0.642s] -- Using RMW implementation 'rmw_fastrtps_cpp' as default
[0.648s] -- Looking for pthread.h
[0.704s] -- Looking for pthread.h - found
[0.704s] -- Performing Test CMAKE_HAVE_LIBC_PTHREAD
[0.758s] -- Performing Test CMAKE_HAVE_LIBC_PTHREAD - Success
[0.759s] -- Found Threads: TRUE  
[0.792s] -- Found visualization_msgs: 4.9.0 (/opt/ros/humble/share/visualization_msgs/cmake)
[0.826s] -- Found ament_lint_auto: 0.12.14 (/opt/ros/humble/share/ament_lint_auto/cmake)
[0.875s] -- Added test 'cppcheck' to perform static code analysis on C / C++ code
[0.875s] -- Configured cppcheck include dirs: 
[0.875s] -- Configured cppcheck exclude dirs and/or files: 
[0.875s] -- Added test 'lint_cmake' to check CMake code style
[0.876s] -- Added test 'uncrustify' to check C / C++ code style
[0.876s] -- Configured uncrustify additional arguments: 
[0.876s] -- Added test 'xmllint' to check XML markup files
[0.877s] -- Configuring done
[0.879s] -- Generating done
[0.880s] -- Build files have been written to: /home/poochandi/ros2_ws/src/build/spring_system
[0.886s] Invoked command in '/home/poochandi/ros2_ws/src/build/spring_system' returned '0': CMAKE_PREFIX_PATH=/opt/ros/humble /usr/bin/cmake /home/poochandi/ros2_ws/src/spring_system -DCMAKE_INSTALL_PREFIX=/home/poochandi/ros2_ws/src/install/spring_system
[0.888s] Invoking command in '/home/poochandi/ros2_ws/src/build/spring_system': CMAKE_PREFIX_PATH=/opt/ros/humble /usr/bin/cmake --build /home/poochandi/ros2_ws/src/build/spring_system -- -j12 -l12
[0.914s] Invoked command in '/home/poochandi/ros2_ws/src/build/spring_system' returned '0': CMAKE_PREFIX_PATH=/opt/ros/humble /usr/bin/cmake --build /home/poochandi/ros2_ws/src/build/spring_system -- -j12 -l12
[0.923s] Invoking command in '/home/poochandi/ros2_ws/src/build/spring_system': CMAKE_PREFIX_PATH=/opt/ros/humble /usr/bin/cmake --install /home/poochandi/ros2_ws/src/build/spring_system
[0.929s] -- Install configuration: ""
[0.929s] -- Installing: /home/poochandi/ros2_ws/src/install/spring_system/share/ament_index/resource_index/package_run_dependencies/spring_system
[0.929s] -- Installing: /home/poochandi/ros2_ws/src/install/spring_system/share/ament_index/resource_index/parent_prefix_path/spring_system
[0.929s] -- Installing: /home/poochandi/ros2_ws/src/install/spring_system/share/spring_system/environment/ament_prefix_path.sh
[0.929s] -- Installing: /home/poochandi/ros2_ws/src/install/spring_system/share/spring_system/environment/ament_prefix_path.dsv
[0.929s] -- Installing: /home/poochandi/ros2_ws/src/install/spring_system/share/spring_system/environment/path.sh
[0.929s] -- Installing: /home/poochandi/ros2_ws/src/install/spring_system/share/spring_system/environment/path.dsv
[0.929s] -- Installing: /home/poochandi/ros2_ws/src/install/spring_system/share/spring_system/local_setup.bash
[0.930s] -- Installing: /home/poochandi/ros2_ws/src/install/spring_system/share/spring_system/local_setup.sh
[0.930s] -- Installing: /home/poochandi/ros2_ws/src/install/spring_system/share/spring_system/local_setup.zsh
[0.930s] -- Installing: /home/poochandi/ros2_ws/src/install/spring_system/share/spring_system/local_setup.dsv
[0.930s] -- Installing: /home/poochandi/ros2_ws/src/install/spring_system/share/spring_system/package.dsv
[0.930s] -- Installing: /home/poochandi/ros2_ws/src/install/spring_system/share/ament_index/resource_index/packages/spring_system
[0.930s] -- Installing: /home/poochandi/ros2_ws/src/install/spring_system/share/spring_system/cmake/spring_systemConfig.cmake
[0.930s] -- Installing: /home/poochandi/ros2_ws/src/install/spring_system/share/spring_system/cmake/spring_systemConfig-version.cmake
[0.930s] -- Installing: /home/poochandi/ros2_ws/src/install/spring_system/share/spring_system/package.xml
[0.931s] Invoked command in '/home/poochandi/ros2_ws/src/build/spring_system' returned '0': CMAKE_PREFIX_PATH=/opt/ros/humble /usr/bin/cmake --install /home/poochandi/ros2_ws/src/build/spring_system
