[0.006s] Invoking command in '/home/meel/Git/AISD_Trainee_Module/build/my_robot_description': CMAKE_PREFIX_PATH=${CMAKE_PREFIX_PATH}:/home/meel/Git/AISD_Trainee_Module/install/shm:/opt/ros/humble DEBUGINFOD_URLS=https://debuginfod.ubuntu.com /usr/bin/cmake /home/meel/Git/AISD_Trainee_Module/src/my_robot_description -DCMAKE_INSTALL_PREFIX=/home/meel/Git/AISD_Trainee_Module/install/my_robot_description
[0.018s] -- Found ament_cmake: 1.3.12 (/opt/ros/humble/share/ament_cmake/cmake)
[0.087s] -- Override CMake install command with custom implementation using symlinks instead of copying resources
[0.096s] -- Found ament_lint_auto: 0.12.14 (/opt/ros/humble/share/ament_lint_auto/cmake)
[0.207s] -- Added test 'lint_cmake' to check CMake code style
[0.208s] -- Added test 'xmllint' to check XML markup files
[0.209s] -- Configuring done
[0.214s] -- Generating done
[0.214s] -- Build files have been written to: /home/meel/Git/AISD_Trainee_Module/build/my_robot_description
[0.215s] Invoked command in '/home/meel/Git/AISD_Trainee_Module/build/my_robot_description' returned '0': CMAKE_PREFIX_PATH=${CMAKE_PREFIX_PATH}:/home/meel/Git/AISD_Trainee_Module/install/shm:/opt/ros/humble DEBUGINFOD_URLS=https://debuginfod.ubuntu.com /usr/bin/cmake /home/meel/Git/AISD_Trainee_Module/src/my_robot_description -DCMAKE_INSTALL_PREFIX=/home/meel/Git/AISD_Trainee_Module/install/my_robot_description
[0.216s] Invoking command in '/home/meel/Git/AISD_Trainee_Module/build/my_robot_description': CMAKE_PREFIX_PATH=${CMAKE_PREFIX_PATH}:/home/meel/Git/AISD_Trainee_Module/install/shm:/opt/ros/humble DEBUGINFOD_URLS=https://debuginfod.ubuntu.com /usr/bin/cmake --build /home/meel/Git/AISD_Trainee_Module/build/my_robot_description -- -j24 -l24
[0.237s] Invoked command in '/home/meel/Git/AISD_Trainee_Module/build/my_robot_description' returned '0': CMAKE_PREFIX_PATH=${CMAKE_PREFIX_PATH}:/home/meel/Git/AISD_Trainee_Module/install/shm:/opt/ros/humble DEBUGINFOD_URLS=https://debuginfod.ubuntu.com /usr/bin/cmake --build /home/meel/Git/AISD_Trainee_Module/build/my_robot_description -- -j24 -l24
[0.242s] Invoking command in '/home/meel/Git/AISD_Trainee_Module/build/my_robot_description': CMAKE_PREFIX_PATH=${CMAKE_PREFIX_PATH}:/home/meel/Git/AISD_Trainee_Module/install/shm:/opt/ros/humble DEBUGINFOD_URLS=https://debuginfod.ubuntu.com /usr/bin/cmake --install /home/meel/Git/AISD_Trainee_Module/build/my_robot_description
[0.245s] -- Install configuration: ""
[0.245s] -- Execute custom install script
[0.246s] -- Up-to-date symlink: /home/meel/Git/AISD_Trainee_Module/install/my_robot_description/share/ament_index/resource_index/package_run_dependencies/my_robot_description
[0.246s] -- Up-to-date symlink: /home/meel/Git/AISD_Trainee_Module/install/my_robot_description/share/ament_index/resource_index/parent_prefix_path/my_robot_description
[0.246s] -- Up-to-date symlink: /home/meel/Git/AISD_Trainee_Module/install/my_robot_description/share/my_robot_description/environment/ament_prefix_path.sh
[0.246s] -- Up-to-date symlink: /home/meel/Git/AISD_Trainee_Module/install/my_robot_description/share/my_robot_description/environment/ament_prefix_path.dsv
[0.246s] -- Up-to-date symlink: /home/meel/Git/AISD_Trainee_Module/install/my_robot_description/share/my_robot_description/environment/path.sh
[0.246s] -- Up-to-date symlink: /home/meel/Git/AISD_Trainee_Module/install/my_robot_description/share/my_robot_description/environment/path.dsv
[0.246s] -- Up-to-date symlink: /home/meel/Git/AISD_Trainee_Module/install/my_robot_description/share/my_robot_description/local_setup.bash
[0.247s] -- Up-to-date symlink: /home/meel/Git/AISD_Trainee_Module/install/my_robot_description/share/my_robot_description/local_setup.sh
[0.247s] -- Up-to-date symlink: /home/meel/Git/AISD_Trainee_Module/install/my_robot_description/share/my_robot_description/local_setup.zsh
[0.247s] -- Up-to-date symlink: /home/meel/Git/AISD_Trainee_Module/install/my_robot_description/share/my_robot_description/local_setup.dsv
[0.247s] -- Symlinking: /home/meel/Git/AISD_Trainee_Module/install/my_robot_description/share/my_robot_description/package.dsv
[0.253s] -- Up-to-date symlink: /home/meel/Git/AISD_Trainee_Module/install/my_robot_description/share/ament_index/resource_index/packages/my_robot_description
[0.253s] -- Up-to-date symlink: /home/meel/Git/AISD_Trainee_Module/install/my_robot_description/share/my_robot_description/cmake/my_robot_descriptionConfig.cmake
[0.253s] -- Up-to-date symlink: /home/meel/Git/AISD_Trainee_Module/install/my_robot_description/share/my_robot_description/cmake/my_robot_descriptionConfig-version.cmake
[0.253s] -- Up-to-date symlink: /home/meel/Git/AISD_Trainee_Module/install/my_robot_description/share/my_robot_description/package.xml
[0.256s] Invoked command in '/home/meel/Git/AISD_Trainee_Module/build/my_robot_description' returned '0': CMAKE_PREFIX_PATH=${CMAKE_PREFIX_PATH}:/home/meel/Git/AISD_Trainee_Module/install/shm:/opt/ros/humble DEBUGINFOD_URLS=https://debuginfod.ubuntu.com /usr/bin/cmake --install /home/meel/Git/AISD_Trainee_Module/build/my_robot_description
