[0.414s] Invoking command in '/home/meel/Git/AISD_Trainee_Module/build/shm': DEBUGINFOD_URLS=https://debuginfod.ubuntu.com PYTHONPATH=/home/meel/Git/AISD_Trainee_Module/build/shm/prefix_override:/usr/lib/python3/dist-packages/colcon_core/task/python/colcon_distutils_commands:/home/meel/Git/AISD_Trainee_Module/install/shm/lib/python3.10/site-packages:${PYTHONPATH} /usr/bin/python3 -W ignore:setup.py install is deprecated -W ignore:easy_install command is deprecated setup.py develop --editable --build-directory /home/meel/Git/AISD_Trainee_Module/build/shm/build --no-deps symlink_data --force
[0.569s] running develop
[0.673s] running egg_info
[0.673s] writing shm.egg-info/PKG-INFO
[0.674s] writing dependency_links to shm.egg-info/dependency_links.txt
[0.674s] writing entry points to shm.egg-info/entry_points.txt
[0.674s] writing requirements to shm.egg-info/requires.txt
[0.674s] writing top-level names to shm.egg-info/top_level.txt
[0.675s] reading manifest file 'shm.egg-info/SOURCES.txt'
[0.675s] writing manifest file 'shm.egg-info/SOURCES.txt'
[0.676s] running build_ext
[0.676s] Creating /home/meel/Git/AISD_Trainee_Module/install/shm/lib/python3.10/site-packages/shm.egg-link (link to .)
[0.676s] Installing marker script to /home/meel/Git/AISD_Trainee_Module/install/shm/lib/shm
[0.676s] Installing phy script to /home/meel/Git/AISD_Trainee_Module/install/shm/lib/shm
[0.676s] 
[0.676s] Installed /home/meel/Git/AISD_Trainee_Module/build/shm
[0.676s] running symlink_data
[0.676s] symbolically linking /home/meel/Git/AISD_Trainee_Module/build/shm/resource/shm -> /home/meel/Git/AISD_Trainee_Module/install/shm/share/ament_index/resource_index/packages
[0.676s] symbolically linking /home/meel/Git/AISD_Trainee_Module/build/shm/package.xml -> /home/meel/Git/AISD_Trainee_Module/install/shm/share/shm
[0.694s] Invoked command in '/home/meel/Git/AISD_Trainee_Module/build/shm' returned '0': DEBUGINFOD_URLS=https://debuginfod.ubuntu.com PYTHONPATH=/home/meel/Git/AISD_Trainee_Module/build/shm/prefix_override:/usr/lib/python3/dist-packages/colcon_core/task/python/colcon_distutils_commands:/home/meel/Git/AISD_Trainee_Module/install/shm/lib/python3.10/site-packages:${PYTHONPATH} /usr/bin/python3 -W ignore:setup.py install is deprecated -W ignore:easy_install command is deprecated setup.py develop --editable --build-directory /home/meel/Git/AISD_Trainee_Module/build/shm/build --no-deps symlink_data --force
