[0.007s] Invoking command in '/home/poochandi/ros2_ws/build/spring_system': CMAKE_PREFIX_PATH=${CMAKE_PREFIX_PATH}:/opt/ros/humble /usr/bin/cmake --build /home/poochandi/ros2_ws/build/spring_system -- -j12 -l12
[0.042s] [35m[1mConsolidate compiler generated dependencies of target spring_system[0m
[0.055s] [100%] Built target spring_system
[0.063s] Invoked command in '/home/poochandi/ros2_ws/build/spring_system' returned '0': CMAKE_PREFIX_PATH=${CMAKE_PREFIX_PATH}:/opt/ros/humble /usr/bin/cmake --build /home/poochandi/ros2_ws/build/spring_system -- -j12 -l12
[0.072s] Invoking command in '/home/poochandi/ros2_ws/build/spring_system': CMAKE_PREFIX_PATH=${CMAKE_PREFIX_PATH}:/opt/ros/humble /usr/bin/cmake --install /home/poochandi/ros2_ws/build/spring_system
[0.079s] -- Install configuration: ""
[0.079s] -- Up-to-date: /home/poochandi/ros2_ws/install/spring_system/lib/spring_system/spring_system
[0.079s] -- Up-to-date: /home/poochandi/ros2_ws/install/spring_system/share/ament_index/resource_index/package_run_dependencies/spring_system
[0.079s] -- Up-to-date: /home/poochandi/ros2_ws/install/spring_system/share/ament_index/resource_index/parent_prefix_path/spring_system
[0.079s] -- Up-to-date: /home/poochandi/ros2_ws/install/spring_system/share/spring_system/environment/ament_prefix_path.sh
[0.079s] -- Up-to-date: /home/poochandi/ros2_ws/install/spring_system/share/spring_system/environment/ament_prefix_path.dsv
[0.079s] -- Up-to-date: /home/poochandi/ros2_ws/install/spring_system/share/spring_system/environment/path.sh
[0.079s] -- Up-to-date: /home/poochandi/ros2_ws/install/spring_system/share/spring_system/environment/path.dsv
[0.079s] -- Up-to-date: /home/poochandi/ros2_ws/install/spring_system/share/spring_system/local_setup.bash
[0.079s] -- Up-to-date: /home/poochandi/ros2_ws/install/spring_system/share/spring_system/local_setup.sh
[0.080s] -- Up-to-date: /home/poochandi/ros2_ws/install/spring_system/share/spring_system/local_setup.zsh
[0.080s] -- Up-to-date: /home/poochandi/ros2_ws/install/spring_system/share/spring_system/local_setup.dsv
[0.080s] -- Installing: /home/poochandi/ros2_ws/install/spring_system/share/spring_system/package.dsv
[0.080s] -- Up-to-date: /home/poochandi/ros2_ws/install/spring_system/share/ament_index/resource_index/packages/spring_system
[0.080s] -- Up-to-date: /home/poochandi/ros2_ws/install/spring_system/share/spring_system/cmake/spring_systemConfig.cmake
[0.080s] -- Up-to-date: /home/poochandi/ros2_ws/install/spring_system/share/spring_system/cmake/spring_systemConfig-version.cmake
[0.080s] -- Up-to-date: /home/poochandi/ros2_ws/install/spring_system/share/spring_system/package.xml
[0.081s] Invoked command in '/home/poochandi/ros2_ws/build/spring_system' returned '0': CMAKE_PREFIX_PATH=${CMAKE_PREFIX_PATH}:/opt/ros/humble /usr/bin/cmake --install /home/poochandi/ros2_ws/build/spring_system
