[0.009s] Invoking command in '/home/meel/Git/AISD_Trainee_Module/build/my_robot_description': CMAKE_PREFIX_PATH=${CMAKE_PREFIX_PATH}:/home/meel/Git/AISD_Trainee_Module/install/shm:/opt/ros/humble DEBUGINFOD_URLS=https://debuginfod.ubuntu.com /usr/bin/cmake --build /home/meel/Git/AISD_Trainee_Module/build/my_robot_description -- -j24 -l24
[0.166s] Invoked command in '/home/meel/Git/AISD_Trainee_Module/build/my_robot_description' returned '0': CMAKE_PREFIX_PATH=${CMAKE_PREFIX_PATH}:/home/meel/Git/AISD_Trainee_Module/install/shm:/opt/ros/humble DEBUGINFOD_URLS=https://debuginfod.ubuntu.com /usr/bin/cmake --build /home/meel/Git/AISD_Trainee_Module/build/my_robot_description -- -j24 -l24
[0.175s] Invoking command in '/home/meel/Git/AISD_Trainee_Module/build/my_robot_description': CMAKE_PREFIX_PATH=${CMAKE_PREFIX_PATH}:/home/meel/Git/AISD_Trainee_Module/install/shm:/opt/ros/humble DEBUGINFOD_URLS=https://debuginfod.ubuntu.com /usr/bin/cmake --install /home/meel/Git/AISD_Trainee_Module/build/my_robot_description
[0.180s] -- Install configuration: ""
[0.180s] -- Execute custom install script
[0.180s] -- Up-to-date symlink: /home/meel/Git/AISD_Trainee_Module/install/my_robot_description/share/ament_index/resource_index/package_run_dependencies/my_robot_description
[0.181s] -- Up-to-date symlink: /home/meel/Git/AISD_Trainee_Module/install/my_robot_description/share/ament_index/resource_index/parent_prefix_path/my_robot_description
[0.181s] -- Up-to-date symlink: /home/meel/Git/AISD_Trainee_Module/install/my_robot_description/share/my_robot_description/environment/ament_prefix_path.sh
[0.181s] -- Up-to-date symlink: /home/meel/Git/AISD_Trainee_Module/install/my_robot_description/share/my_robot_description/environment/ament_prefix_path.dsv
[0.182s] -- Up-to-date symlink: /home/meel/Git/AISD_Trainee_Module/install/my_robot_description/share/my_robot_description/environment/path.sh
[0.182s] -- Up-to-date symlink: /home/meel/Git/AISD_Trainee_Module/install/my_robot_description/share/my_robot_description/environment/path.dsv
[0.182s] -- Up-to-date symlink: /home/meel/Git/AISD_Trainee_Module/install/my_robot_description/share/my_robot_description/local_setup.bash
[0.182s] -- Up-to-date symlink: /home/meel/Git/AISD_Trainee_Module/install/my_robot_description/share/my_robot_description/local_setup.sh
[0.182s] -- Up-to-date symlink: /home/meel/Git/AISD_Trainee_Module/install/my_robot_description/share/my_robot_description/local_setup.zsh
[0.182s] -- Up-to-date symlink: /home/meel/Git/AISD_Trainee_Module/install/my_robot_description/share/my_robot_description/local_setup.dsv
[0.182s] -- Symlinking: /home/meel/Git/AISD_Trainee_Module/install/my_robot_description/share/my_robot_description/package.dsv
[0.188s] -- Up-to-date symlink: /home/meel/Git/AISD_Trainee_Module/install/my_robot_description/share/ament_index/resource_index/packages/my_robot_description
[0.188s] -- Up-to-date symlink: /home/meel/Git/AISD_Trainee_Module/install/my_robot_description/share/my_robot_description/cmake/my_robot_descriptionConfig.cmake
[0.188s] -- Up-to-date symlink: /home/meel/Git/AISD_Trainee_Module/install/my_robot_description/share/my_robot_description/cmake/my_robot_descriptionConfig-version.cmake
[0.188s] -- Up-to-date symlink: /home/meel/Git/AISD_Trainee_Module/install/my_robot_description/share/my_robot_description/package.xml
[0.193s] Invoked command in '/home/meel/Git/AISD_Trainee_Module/build/my_robot_description' returned '0': CMAKE_PREFIX_PATH=${CMAKE_PREFIX_PATH}:/home/meel/Git/AISD_Trainee_Module/install/shm:/opt/ros/humble DEBUGINFOD_URLS=https://debuginfod.ubuntu.com /usr/bin/cmake --install /home/meel/Git/AISD_Trainee_Module/build/my_robot_description
