[0.010s] Invoking command in '/home/pratik/ros2_ws/build/my_robot_description': CMAKE_PREFIX_PATH=/opt/ros/humble /usr/bin/cmake /home/pratik/ros2_ws/src/my_robot_description -DCMAKE_INSTALL_PREFIX=/home/pratik/ros2_ws/install/my_robot_description
[0.059s] -- The C compiler identification is GNU 11.4.0
[0.117s] -- The CXX compiler identification is GNU 11.4.0
[0.124s] -- Detecting C compiler ABI info
[0.191s] -- Detecting C compiler ABI info - done
[0.198s] -- Check for working C compiler: /usr/bin/cc - skipped
[0.199s] -- Detecting C compile features
[0.199s] -- Detecting C compile features - done
[0.202s] -- Detecting CXX compiler ABI info
[0.280s] -- Detecting CXX compiler ABI info - done
[0.288s] -- Check for working CXX compiler: /usr/bin/c++ - skipped
[0.289s] -- Detecting CXX compile features
[0.289s] -- Detecting CXX compile features - done
[0.291s] -- Found ament_cmake: 1.3.12 (/opt/ros/humble/share/ament_cmake/cmake)
[0.407s] -- Found Python3: /usr/bin/python3 (found version "3.10.12") found components: Interpreter 
[0.458s] -- Found ament_lint_auto: 0.12.14 (/opt/ros/humble/share/ament_lint_auto/cmake)
[0.512s] -- Added test 'lint_cmake' to check CMake code style
[0.512s] -- Added test 'xmllint' to check XML markup files
[0.513s] -- Configuring done
[0.514s] -- Generating done
[0.515s] -- Build files have been written to: /home/pratik/ros2_ws/build/my_robot_description
[0.519s] Invoked command in '/home/pratik/ros2_ws/build/my_robot_description' returned '0': CMAKE_PREFIX_PATH=/opt/ros/humble /usr/bin/cmake /home/pratik/ros2_ws/src/my_robot_description -DCMAKE_INSTALL_PREFIX=/home/pratik/ros2_ws/install/my_robot_description
[0.519s] Invoking command in '/home/pratik/ros2_ws/build/my_robot_description': CMAKE_PREFIX_PATH=/opt/ros/humble /usr/bin/cmake --build /home/pratik/ros2_ws/build/my_robot_description -- -j20 -l20
[0.554s] Invoked command in '/home/pratik/ros2_ws/build/my_robot_description' returned '0': CMAKE_PREFIX_PATH=/opt/ros/humble /usr/bin/cmake --build /home/pratik/ros2_ws/build/my_robot_description -- -j20 -l20
[0.564s] Invoking command in '/home/pratik/ros2_ws/build/my_robot_description': CMAKE_PREFIX_PATH=/opt/ros/humble /usr/bin/cmake --install /home/pratik/ros2_ws/build/my_robot_description
[0.571s] -- Install configuration: ""
[0.571s] -- Installing: /home/pratik/ros2_ws/install/my_robot_description/share/ament_index/resource_index/package_run_dependencies/my_robot_description
[0.571s] -- Installing: /home/pratik/ros2_ws/install/my_robot_description/share/ament_index/resource_index/parent_prefix_path/my_robot_description
[0.571s] -- Installing: /home/pratik/ros2_ws/install/my_robot_description/share/my_robot_description/environment/ament_prefix_path.sh
[0.571s] -- Installing: /home/pratik/ros2_ws/install/my_robot_description/share/my_robot_description/environment/ament_prefix_path.dsv
[0.571s] -- Installing: /home/pratik/ros2_ws/install/my_robot_description/share/my_robot_description/environment/path.sh
[0.571s] -- Installing: /home/pratik/ros2_ws/install/my_robot_description/share/my_robot_description/environment/path.dsv
[0.571s] -- Installing: /home/pratik/ros2_ws/install/my_robot_description/share/my_robot_description/local_setup.bash
[0.571s] -- Installing: /home/pratik/ros2_ws/install/my_robot_description/share/my_robot_description/local_setup.sh
[0.571s] -- Installing: /home/pratik/ros2_ws/install/my_robot_description/share/my_robot_description/local_setup.zsh
[0.571s] -- Installing: /home/pratik/ros2_ws/install/my_robot_description/share/my_robot_description/local_setup.dsv
[0.572s] -- Installing: /home/pratik/ros2_ws/install/my_robot_description/share/my_robot_description/package.dsv
[0.572s] -- Installing: /home/pratik/ros2_ws/install/my_robot_description/share/ament_index/resource_index/packages/my_robot_description
[0.572s] -- Installing: /home/pratik/ros2_ws/install/my_robot_description/share/my_robot_description/cmake/my_robot_descriptionConfig.cmake
[0.572s] -- Installing: /home/pratik/ros2_ws/install/my_robot_description/share/my_robot_description/cmake/my_robot_descriptionConfig-version.cmake
[0.572s] -- Installing: /home/pratik/ros2_ws/install/my_robot_description/share/my_robot_description/package.xml
[0.574s] Invoked command in '/home/pratik/ros2_ws/build/my_robot_description' returned '0': CMAKE_PREFIX_PATH=/opt/ros/humble /usr/bin/cmake --install /home/pratik/ros2_ws/build/my_robot_description
